TN:
SF:/Users/audrey/Personal/Programming/Workspace/LearnOLL/app/app.module.js
FN:12,(anonymous_1)
FN:25,(anonymous_2)
FNF:2
FNH:0
FNDA:0,(anonymous_1)
FNDA:0,(anonymous_2)
DA:4,1
DA:9,1
DA:13,0
DA:25,1
LF:4
LH:3
BRF:0
BRH:0
end_of_record
TN:
SF:/Users/audrey/Personal/Programming/Workspace/LearnOLL/app/app.config.js
FN:8,(anonymous_1)
FNF:1
FNH:1
FNDA:162,(anonymous_1)
DA:6,1
DA:9,162
DA:10,162
DA:11,162
LF:4
LH:4
BRF:0
BRH:0
end_of_record
TN:
SF:/Users/audrey/Personal/Programming/Workspace/LearnOLL/app/flashCard.directive.js
FN:7,(anonymous_1)
FN:13,(anonymous_2)
FNF:2
FNH:0
FNDA:0,(anonymous_1)
FNDA:0,(anonymous_2)
DA:5,1
DA:8,0
LF:2
LH:1
BRF:0
BRH:0
end_of_record
TN:
SF:/Users/audrey/Personal/Programming/Workspace/LearnOLL/app/hiddenRows.value.js
FNF:0
FNH:0
DA:4,1
LF:1
LH:1
BRF:0
BRH:0
end_of_record
TN:
SF:/Users/audrey/Personal/Programming/Workspace/LearnOLL/app/tabs.directive.js
FN:7,(anonymous_1)
FN:12,(anonymous_2)
FN:14,(anonymous_3)
FN:15,(anonymous_4)
FN:22,(anonymous_5)
FN:33,(anonymous_6)
FN:40,(anonymous_7)
FNF:7
FNH:0
FNDA:0,(anonymous_1)
FNDA:0,(anonymous_2)
FNDA:0,(anonymous_3)
FNDA:0,(anonymous_4)
FNDA:0,(anonymous_5)
FNDA:0,(anonymous_6)
FNDA:0,(anonymous_7)
DA:5,1
DA:7,1
DA:8,0
DA:13,0
DA:14,0
DA:15,0
DA:17,0
DA:19,0
DA:22,0
DA:23,0
DA:24,0
DA:26,0
DA:33,1
DA:34,0
DA:42,0
LF:15
LH:3
BRDA:23,1,0,0
BRDA:23,1,1,0
BRF:2
BRH:0
end_of_record
TN:
SF:/Users/audrey/Personal/Programming/Workspace/LearnOLL/app/cases/cases.mocks.js
FN:5,(anonymous_1)
FN:6,(anonymous_2)
FNF:2
FNH:0
FNDA:0,(anonymous_1)
FNDA:0,(anonymous_2)
DA:5,1
DA:6,0
LF:2
LH:1
BRF:0
BRH:0
end_of_record
TN:
SF:/Users/audrey/Personal/Programming/Workspace/LearnOLL/app/cases/cases.value.js
FNF:0
FNH:0
DA:5,1
LF:1
LH:1
BRF:0
BRH:0
end_of_record
TN:
SF:/Users/audrey/Personal/Programming/Workspace/LearnOLL/app/colorCodeAlgorithms/colorCodeAlgorithms.filter.js
FN:8,colorCodeAlgorithms
FN:9,(anonymous_2)
FNF:2
FNH:2
FNDA:3,colorCodeAlgorithms
FNDA:15,(anonymous_2)
DA:4,1
DA:8,1
DA:9,3
DA:10,15
DA:11,15
DA:21,15
DA:23,15
DA:24,14
DA:26,140
DA:29,140
DA:33,1
DA:35,15
LF:12
LH:12
BRDA:23,1,0,14
BRDA:23,1,1,1
BRF:2
BRH:2
end_of_record
TN:
SF:/Users/audrey/Personal/Programming/Workspace/LearnOLL/app/cookies/cookieData.value.js
FN:23,range
FN:25,(anonymous_2)
FNF:2
FNH:2
FNDA:1,range
FNDA:5,(anonymous_2)
DA:9,1
DA:23,1
DA:24,1
DA:26,5
LF:4
LH:4
BRF:0
BRH:0
end_of_record
TN:
SF:/Users/audrey/Personal/Programming/Workspace/LearnOLL/app/cookies/cookieDataTypes.value.js
FNF:0
FNH:0
DA:5,1
LF:1
LH:1
BRF:0
BRH:0
end_of_record
TN:
SF:/Users/audrey/Personal/Programming/Workspace/LearnOLL/app/cookies/cookieStrings.value.js
FNF:0
FNH:0
DA:5,1
LF:1
LH:1
BRF:0
BRH:0
end_of_record
TN:
SF:/Users/audrey/Personal/Programming/Workspace/LearnOLL/app/cube-scrambler/cube-scrambler.module.js
FN:7,CubeScrambler
FN:35,scramble
FNF:2
FNH:2
FNDA:7,CubeScrambler
FNDA:8,scramble
DA:5,1
DA:7,1
DA:8,7
DA:9,7
DA:29,7
DA:31,7
DA:35,1
DA:36,8
DA:37,8
DA:38,8
DA:39,200
DA:40,200
DA:41,200
DA:42,192
DA:43,10
DA:44,13
DA:47,192
DA:48,36
DA:49,42
DA:53,200
DA:54,200
DA:56,8
DA:57,8
DA:58,200
DA:60,8
LF:25
LH:25
BRDA:41,1,0,192
BRDA:41,1,1,8
BRDA:41,2,0,200
BRDA:41,2,1,192
BRDA:42,3,0,10
BRDA:42,3,1,182
BRDA:42,4,0,192
BRDA:42,4,1,60
BRDA:47,5,0,36
BRDA:47,5,1,156
BRF:10
BRH:10
end_of_record
TN:
SF:/Users/audrey/Personal/Programming/Workspace/LearnOLL/app/flash-cards/flash-cards.module.js
FN:8,(anonymous_1)
FN:12,(anonymous_2)
FN:54,(anonymous_3)
FN:61,(anonymous_4)
FN:65,(anonymous_5)
FN:73,(anonymous_6)
FN:81,(anonymous_7)
FN:88,(anonymous_8)
FN:96,(anonymous_9)
FN:102,(anonymous_10)
FN:108,(anonymous_11)
FN:116,(anonymous_12)
FN:123,(anonymous_13)
FN:130,(anonymous_14)
FN:148,(anonymous_15)
FN:162,(anonymous_16)
FN:170,(anonymous_17)
FN:177,(anonymous_18)
FN:195,(anonymous_19)
FN:203,(anonymous_20)
FN:210,(anonymous_21)
FN:214,(anonymous_22)
FN:218,(anonymous_23)
FN:222,(anonymous_24)
FNF:24
FNH:19
FNDA:57,(anonymous_1)
FNDA:1,(anonymous_2)
FNDA:5,(anonymous_3)
FNDA:3,(anonymous_4)
FNDA:2,(anonymous_5)
FNDA:3,(anonymous_6)
FNDA:3,(anonymous_7)
FNDA:3,(anonymous_8)
FNDA:5,(anonymous_9)
FNDA:3,(anonymous_10)
FNDA:3,(anonymous_11)
FNDA:4,(anonymous_12)
FNDA:3,(anonymous_13)
FNDA:3,(anonymous_14)
FNDA:2,(anonymous_15)
FNDA:4,(anonymous_16)
FNDA:2,(anonymous_17)
FNDA:7,(anonymous_18)
FNDA:2,(anonymous_19)
FNDA:0,(anonymous_20)
FNDA:0,(anonymous_21)
FNDA:0,(anonymous_22)
FNDA:0,(anonymous_23)
FNDA:0,(anonymous_24)
DA:6,1
DA:9,57
DA:12,57
DA:13,1
DA:14,6
DA:15,5
DA:16,5
DA:19,5
DA:21,0
DA:22,0
DA:25,5
DA:26,5
DA:32,1
DA:33,1
DA:34,1
DA:38,1
DA:39,0
DA:41,1
DA:42,1
DA:44,0
DA:45,0
DA:48,1
DA:49,1
DA:54,57
DA:55,5
DA:56,2
DA:58,3
DA:61,57
DA:62,3
DA:65,57
DA:66,2
DA:67,1
DA:68,0
DA:73,57
DA:74,3
DA:75,1
DA:77,2
DA:81,57
DA:82,3
DA:83,2
DA:85,1
DA:88,57
DA:89,3
DA:90,1
DA:92,2
DA:96,57
DA:97,5
DA:98,3
DA:102,57
DA:103,3
DA:104,1
DA:108,57
DA:109,3
DA:110,1
DA:112,2
DA:116,57
DA:117,4
DA:118,4
DA:120,0
DA:123,57
DA:124,3
DA:125,1
DA:127,2
DA:130,57
DA:131,3
DA:132,2
DA:133,1
DA:134,1
DA:136,1
DA:137,1
DA:138,1
DA:139,1
DA:140,1
DA:141,1
DA:148,57
DA:149,2
DA:150,2
DA:152,0
DA:153,0
DA:154,0
DA:155,0
DA:156,0
DA:162,57
DA:163,4
DA:164,2
DA:166,2
DA:170,57
DA:171,2
DA:172,1
DA:174,1
DA:177,57
DA:178,7
DA:179,3
DA:180,2
DA:183,4
DA:185,4
DA:188,0
DA:190,0
DA:195,57
DA:196,2
DA:197,2
DA:199,0
DA:200,0
DA:203,57
DA:204,0
DA:205,0
DA:207,0
DA:210,57
DA:211,0
DA:214,57
DA:215,0
DA:218,57
DA:219,0
DA:222,57
DA:223,0
DA:224,0
DA:226,0
DA:229,57
LF:118
LH:93
BRDA:14,1,0,5
BRDA:14,1,1,1
BRDA:19,2,0,0
BRDA:19,2,1,0
BRDA:32,3,0,1
BRDA:32,3,1,0
BRDA:42,4,0,0
BRDA:42,4,1,0
BRDA:55,5,0,2
BRDA:55,5,1,3
BRDA:66,6,0,1
BRDA:66,6,1,1
BRDA:67,7,0,0
BRDA:67,7,1,1
BRDA:74,8,0,1
BRDA:74,8,1,2
BRDA:82,9,0,2
BRDA:82,9,1,1
BRDA:89,10,0,1
BRDA:89,10,1,2
BRDA:97,11,0,3
BRDA:97,11,1,2
BRDA:97,12,0,5
BRDA:97,12,1,3
BRDA:97,13,0,3
BRDA:97,13,1,0
BRDA:103,14,0,1
BRDA:103,14,1,2
BRDA:109,15,0,1
BRDA:109,15,1,2
BRDA:117,16,0,4
BRDA:117,16,1,0
BRDA:124,17,0,1
BRDA:124,17,1,2
BRDA:131,18,0,2
BRDA:131,18,1,1
BRDA:132,19,0,1
BRDA:132,19,1,1
BRDA:138,20,0,1
BRDA:138,20,1,0
BRDA:149,21,0,2
BRDA:149,21,1,0
BRDA:154,22,0,0
BRDA:154,22,1,0
BRDA:163,23,0,2
BRDA:163,23,1,2
BRDA:171,24,0,1
BRDA:171,24,1,1
BRDA:178,25,0,3
BRDA:178,25,1,4
BRDA:179,26,0,2
BRDA:179,26,1,1
BRDA:183,27,0,4
BRDA:183,27,1,0
BRDA:196,28,0,2
BRDA:196,28,1,0
BRDA:204,29,0,0
BRDA:204,29,1,0
BRDA:223,30,0,0
BRDA:223,30,1,0
BRF:60
BRH:42
end_of_record
TN:
SF:/Users/audrey/Personal/Programming/Workspace/LearnOLL/app/oll-case-content/oll-case-content.controller.js
FN:10,ContentController
FN:47,checkFlashCardData
FN:53,addOptions
FN:57,(anonymous_4)
FN:64,addPriorityOptions
FN:72,countCases
FN:90,declassify
FN:96,flashCardsData
FN:116,editCardSelection
FN:130,editTable
FN:150,hiddenColsData
FN:172,hiddenRowsData
FN:192,hideHiddenCols
FN:200,hideHiddenRows
FN:210,initialize
FN:252,modifyKnownCases
FN:256,pickAnAlgorithm
FN:272,returnSolve
FN:280,showHiddenCols
FN:288,showHiddenRows
FN:296,setFilter
FN:302,setSort
FN:308,useCookieInfo
FN:315,returnAddress
FN:321,(anonymous_25)
FN:325,(anonymous_26)
FN:336,(anonymous_27)
FN:348,(anonymous_28)
FN:385,(anonymous_29)
FN:393,(anonymous_30)
FN:406,(anonymous_31)
FN:413,(anonymous_32)
FNF:32
FNH:0
FNDA:0,ContentController
FNDA:0,checkFlashCardData
FNDA:0,addOptions
FNDA:0,(anonymous_4)
FNDA:0,addPriorityOptions
FNDA:0,countCases
FNDA:0,declassify
FNDA:0,flashCardsData
FNDA:0,editCardSelection
FNDA:0,editTable
FNDA:0,hiddenColsData
FNDA:0,hiddenRowsData
FNDA:0,hideHiddenCols
FNDA:0,hideHiddenRows
FNDA:0,initialize
FNDA:0,modifyKnownCases
FNDA:0,pickAnAlgorithm
FNDA:0,returnSolve
FNDA:0,showHiddenCols
FNDA:0,showHiddenRows
FNDA:0,setFilter
FNDA:0,setSort
FNDA:0,useCookieInfo
FNDA:0,returnAddress
FNDA:0,(anonymous_25)
FNDA:0,(anonymous_26)
FNDA:0,(anonymous_27)
FNDA:0,(anonymous_28)
FNDA:0,(anonymous_29)
FNDA:0,(anonymous_30)
FNDA:0,(anonymous_31)
FNDA:0,(anonymous_32)
DA:4,1
DA:8,1
DA:10,1
DA:12,0
DA:13,0
DA:14,0
DA:15,0
DA:16,0
DA:17,0
DA:18,0
DA:19,0
DA:20,0
DA:21,0
DA:22,0
DA:23,0
DA:24,0
DA:25,0
DA:26,0
DA:27,0
DA:28,0
DA:29,0
DA:30,0
DA:31,0
DA:32,0
DA:33,0
DA:34,0
DA:35,0
DA:36,0
DA:37,0
DA:38,0
DA:39,0
DA:40,0
DA:41,0
DA:43,0
DA:44,0
DA:47,1
DA:48,0
DA:49,0
DA:53,1
DA:55,0
DA:56,0
DA:57,0
DA:58,0
DA:59,0
DA:64,1
DA:66,0
DA:67,0
DA:68,0
DA:72,1
DA:75,0
DA:76,0
DA:77,0
DA:78,0
DA:79,0
DA:80,0
DA:85,0
DA:86,0
DA:87,0
DA:90,1
DA:91,0
DA:93,0
DA:96,1
DA:99,0
DA:104,0
DA:105,0
DA:106,0
DA:107,0
DA:108,0
DA:112,0
DA:116,1
DA:117,0
DA:118,0
DA:119,0
DA:120,0
DA:122,0
DA:126,0
DA:130,1
DA:131,0
DA:132,0
DA:133,0
DA:135,0
DA:136,0
DA:138,0
DA:139,0
DA:142,0
DA:143,0
DA:145,0
DA:146,0
DA:150,1
DA:152,0
DA:153,0
DA:154,0
DA:155,0
DA:157,0
DA:160,0
DA:161,0
DA:162,0
DA:166,0
DA:168,0
DA:172,1
DA:175,0
DA:176,0
DA:177,0
DA:178,0
DA:182,0
DA:185,0
DA:188,0
DA:192,1
DA:193,0
DA:194,0
DA:195,0
DA:200,1
DA:202,0
DA:203,0
DA:205,0
DA:210,1
DA:211,0
DA:212,0
DA:213,0
DA:214,0
DA:218,0
DA:219,0
DA:220,0
DA:221,0
DA:222,0
DA:225,0
DA:226,0
DA:227,0
DA:228,0
DA:232,0
DA:240,0
DA:245,0
DA:247,0
DA:252,1
DA:253,0
DA:256,1
DA:257,0
DA:259,0
DA:260,0
DA:261,0
DA:263,0
DA:267,0
DA:272,1
DA:273,0
DA:274,0
DA:276,0
DA:280,1
DA:281,0
DA:282,0
DA:283,0
DA:288,1
DA:289,0
DA:290,0
DA:291,0
DA:296,1
DA:298,0
DA:302,1
DA:304,0
DA:305,0
DA:308,1
DA:310,0
DA:311,0
DA:312,0
DA:315,1
DA:316,0
DA:317,0
DA:318,0
DA:321,0
DA:322,0
DA:325,0
DA:326,0
DA:327,0
DA:328,0
DA:329,0
DA:333,0
DA:336,0
DA:337,0
DA:338,0
DA:339,0
DA:340,0
DA:344,0
DA:348,0
DA:351,0
DA:353,0
DA:355,0
DA:356,0
DA:357,0
DA:358,0
DA:359,0
DA:360,0
DA:362,0
DA:363,0
DA:364,0
DA:365,0
DA:366,0
DA:367,0
DA:368,0
DA:373,0
DA:374,0
DA:375,0
DA:376,0
DA:382,0
DA:385,0
DA:386,0
DA:388,0
DA:389,0
DA:393,0
DA:395,0
DA:396,0
DA:398,0
DA:399,0
DA:401,0
DA:406,0
DA:408,0
DA:409,0
DA:413,0
DA:415,0
LF:217
LH:25
BRDA:78,1,0,0
BRDA:78,1,1,0
BRDA:117,2,0,0
BRDA:117,2,1,0
BRDA:117,3,0,0
BRDA:117,3,1,0
BRDA:122,4,0,0
BRDA:122,4,1,0
BRDA:122,5,0,0
BRDA:122,5,1,0
BRDA:122,6,0,0
BRDA:122,6,1,0
BRDA:131,7,0,0
BRDA:131,7,1,0
BRDA:133,8,0,0
BRDA:133,8,1,0
BRDA:154,9,0,0
BRDA:154,9,1,0
BRDA:161,10,0,0
BRDA:161,10,1,0
BRDA:177,11,0,0
BRDA:177,11,1,0
BRDA:194,12,0,0
BRDA:194,12,1,0
BRDA:203,13,0,0
BRDA:203,13,1,0
BRDA:247,14,0,0
BRDA:247,14,1,0
BRDA:257,15,0,0
BRDA:257,15,1,0
BRDA:259,16,0,0
BRDA:259,16,1,0
BRDA:260,17,0,0
BRDA:260,17,1,0
BRDA:261,18,0,0
BRDA:261,18,1,0
BRDA:261,18,2,0
BRDA:261,18,3,0
BRDA:273,19,0,0
BRDA:273,19,1,0
BRDA:274,20,0,0
BRDA:274,20,1,0
BRDA:282,21,0,0
BRDA:282,21,1,0
BRDA:290,22,0,0
BRDA:290,22,1,0
BRDA:328,23,0,0
BRDA:328,23,1,0
BRDA:339,24,0,0
BRDA:339,24,1,0
BRDA:355,25,0,0
BRDA:355,25,1,0
BRDA:356,26,0,0
BRDA:356,26,1,0
BRDA:357,27,0,0
BRDA:357,27,1,0
BRDA:363,28,0,0
BRDA:363,28,1,0
BRDA:365,29,0,0
BRDA:365,29,1,0
BRDA:374,30,0,0
BRDA:374,30,1,0
BRDA:388,31,0,0
BRDA:388,31,1,0
BRDA:396,32,0,0
BRDA:396,32,1,0
BRDA:398,33,0,0
BRDA:398,33,1,0
BRF:68
BRH:0
end_of_record
TN:
SF:/Users/audrey/Personal/Programming/Workspace/LearnOLL/app/stats/stats.factory.js
FN:9,(anonymous_1)
FN:58,compareNums
FN:62,convert
FN:66,addData
FN:74,loadData
FN:91,getSum
FN:95,avg
FN:99,mean
FN:113,getVariance
FN:119,variance
FN:135,stdDev
FN:150,mean5
FN:161,mean35
FN:174,mean10
FN:185,mean1012
FN:198,mean100
FN:209,q1
FN:228,median
FN:246,q3
FN:264,best
FN:274,worst
FN:284,iqr
FN:293,range
FN:303,calculate
FNF:24
FNH:24
FNDA:75,(anonymous_1)
FNDA:41468,compareNums
FNDA:172,convert
FNDA:4,addData
FNDA:101,loadData
FNDA:4865,getSum
FNDA:414,avg
FNDA:116,mean
FNDA:1911,getVariance
FNDA:116,variance
FNDA:113,stdDev
FNDA:110,mean5
FNDA:111,mean35
FNDA:109,mean10
FNDA:107,mean1012
FNDA:109,mean100
FNDA:107,q1
FNDA:108,median
FNDA:107,q3
FNDA:107,best
FNDA:107,worst
FNDA:107,iqr
FNDA:107,range
FNDA:107,calculate
DA:5,1
DA:10,75
DA:11,75
DA:33,75
DA:34,75
DA:35,75
DA:36,75
DA:37,75
DA:38,75
DA:39,75
DA:40,75
DA:41,75
DA:42,75
DA:43,75
DA:44,75
DA:45,75
DA:46,75
DA:47,75
DA:48,75
DA:49,75
DA:50,75
DA:51,75
DA:52,75
DA:53,75
DA:54,75
DA:55,75
DA:58,1
DA:59,41468
DA:62,1
DA:63,172
DA:66,1
DA:67,4
DA:68,3
DA:69,3
DA:71,4
DA:74,1
DA:75,101
DA:77,101
DA:79,101
DA:80,101
DA:81,101
DA:82,1891
DA:83,1891
DA:84,1891
DA:86,101
DA:91,1
DA:92,4865
DA:94,75
DA:95,1
DA:96,414
DA:99,1
DA:102,116
DA:103,116
DA:106,90
DA:109,26
DA:113,1
DA:114,1911
DA:115,1911
DA:116,1911
DA:119,1
DA:120,116
DA:121,116
DA:122,116
DA:123,90
DA:124,90
DA:125,1
DA:127,90
DA:128,90
DA:130,26
DA:135,1
DA:136,113
DA:137,88
DA:138,88
DA:139,88
DA:140,0
DA:141,0
DA:143,88
DA:145,25
DA:150,1
DA:151,110
DA:152,110
DA:153,85
DA:155,85
DA:157,25
DA:161,1
DA:162,111
DA:163,111
DA:164,86
DA:165,86
DA:166,86
DA:168,86
DA:170,25
DA:174,1
DA:175,109
DA:176,109
DA:177,83
DA:179,83
DA:181,26
DA:185,1
DA:186,107
DA:187,107
DA:188,67
DA:189,67
DA:190,67
DA:191,67
DA:192,67
DA:194,40
DA:198,1
DA:199,109
DA:200,109
DA:201,5
DA:203,5
DA:205,104
DA:209,1
DA:210,107
DA:211,107
DA:212,71
DA:213,71
DA:215,67
DA:216,67
DA:217,67
DA:218,67
DA:219,4
DA:220,4
DA:221,4
DA:224,36
DA:228,1
DA:229,108
DA:230,108
DA:231,86
DA:232,86
DA:233,11
DA:234,11
DA:236,75
DA:237,75
DA:238,75
DA:239,75
DA:242,22
DA:246,1
DA:247,107
DA:248,107
DA:249,71
DA:250,71
DA:251,4
DA:252,4
DA:253,67
DA:254,67
DA:255,67
DA:256,67
DA:257,67
DA:260,36
DA:264,1
DA:265,107
DA:266,107
DA:267,86
DA:268,86
DA:270,21
DA:274,1
DA:275,107
DA:276,107
DA:277,86
DA:278,86
DA:280,21
DA:284,1
DA:285,107
DA:286,107
DA:287,71
DA:289,36
DA:293,1
DA:294,107
DA:295,107
DA:296,86
DA:298,21
DA:303,1
DA:304,107
DA:305,107
DA:306,107
DA:307,107
DA:308,107
DA:309,107
DA:310,107
DA:311,107
DA:312,107
DA:313,107
DA:314,107
DA:315,107
DA:316,107
DA:317,107
DA:318,107
DA:321,75
LF:190
LH:188
BRDA:67,1,0,3
BRDA:67,1,1,1
BRDA:67,2,0,4
BRDA:67,2,1,3
BRDA:103,3,0,90
BRDA:103,3,1,26
BRDA:122,4,0,90
BRDA:122,4,1,26
BRDA:124,5,0,1
BRDA:124,5,1,89
BRDA:136,6,0,88
BRDA:136,6,1,25
BRDA:136,7,0,113
BRDA:136,7,1,89
BRDA:139,8,0,0
BRDA:139,8,1,88
BRDA:139,9,0,88
BRDA:139,9,1,88
BRDA:152,10,0,85
BRDA:152,10,1,25
BRDA:163,11,0,86
BRDA:163,11,1,25
BRDA:176,12,0,83
BRDA:176,12,1,26
BRDA:187,13,0,67
BRDA:187,13,1,40
BRDA:200,14,0,5
BRDA:200,14,1,104
BRDA:211,15,0,71
BRDA:211,15,1,36
BRDA:213,16,0,67
BRDA:213,16,1,4
BRDA:213,17,0,71
BRDA:213,17,1,9
BRDA:219,18,0,4
BRDA:219,18,1,0
BRDA:219,19,0,4
BRDA:219,19,1,1
BRDA:230,20,0,86
BRDA:230,20,1,22
BRDA:232,21,0,11
BRDA:232,21,1,75
BRDA:248,22,0,71
BRDA:248,22,1,36
BRDA:250,23,0,4
BRDA:250,23,1,67
BRDA:250,24,0,71
BRDA:250,24,1,68
BRDA:253,25,0,67
BRDA:253,25,1,0
BRDA:253,26,0,67
BRDA:253,26,1,62
BRDA:266,27,0,86
BRDA:266,27,1,21
BRDA:276,28,0,86
BRDA:276,28,1,21
BRDA:286,29,0,71
BRDA:286,29,1,36
BRDA:295,30,0,86
BRDA:295,30,1,21
BRF:60
BRH:57
end_of_record
TN:
SF:/Users/audrey/Personal/Programming/Workspace/LearnOLL/app/time/timeConversion.factory.js
FN:7,(anonymous_1)
FN:10,(anonymous_2)
FN:14,(anonymous_3)
FN:18,(anonymous_4)
FN:22,(anonymous_5)
FN:26,(anonymous_6)
FN:30,(anonymous_7)
FN:34,(anonymous_8)
FN:38,(anonymous_9)
FN:42,(anonymous_10)
FN:46,(anonymous_11)
FN:106,(anonymous_12)
FNF:12
FNH:12
FNDA:95,(anonymous_1)
FNDA:4,(anonymous_2)
FNDA:3,(anonymous_3)
FNDA:183,(anonymous_4)
FNDA:3,(anonymous_5)
FNDA:184,(anonymous_6)
FNDA:186,(anonymous_7)
FNDA:1910,(anonymous_8)
FNDA:1910,(anonymous_9)
FNDA:4,(anonymous_10)
FNDA:1907,(anonymous_11)
FNDA:180,(anonymous_12)
DA:5,1
DA:8,95
DA:10,95
DA:11,4
DA:14,95
DA:15,3
DA:18,95
DA:19,183
DA:22,95
DA:23,3
DA:26,95
DA:27,184
DA:30,95
DA:31,186
DA:34,95
DA:35,1910
DA:38,95
DA:39,1910
DA:42,95
DA:43,4
DA:46,95
DA:48,1907
DA:50,1907
DA:51,1907
DA:53,1907
DA:55,1907
DA:56,4
DA:59,4
DA:61,1903
DA:63,1907
DA:64,1907
DA:69,1907
DA:70,1907
DA:71,4
DA:72,4
DA:74,1907
DA:76,1907
DA:77,4
DA:79,1903
DA:81,1907
DA:82,1907
DA:84,1907
DA:85,16
DA:86,16
DA:88,1891
DA:91,1907
DA:92,1907
DA:101,1907
DA:103,0
DA:106,95
DA:107,180
DA:108,180
DA:109,180
DA:111,180
DA:112,180
DA:113,180
DA:114,180
DA:117,95
LF:58
LH:57
BRDA:50,1,0,1907
BRDA:50,1,1,0
BRDA:55,2,0,4
BRDA:55,2,1,1903
BRDA:70,3,0,4
BRDA:70,3,1,1903
BRDA:76,4,0,4
BRDA:76,4,1,1903
BRDA:84,5,0,16
BRDA:84,5,1,1891
BRDA:111,6,0,177
BRDA:111,6,1,3
BRDA:112,7,0,71
BRDA:112,7,1,109
BRDA:113,8,0,4
BRDA:113,8,1,176
BRDA:113,9,0,21
BRDA:113,9,1,155
BRF:18
BRH:17
end_of_record
TN:
SF:/Users/audrey/Personal/Programming/Workspace/LearnOLL/app/time/timeStats.directive.js
FN:6,(anonymous_1)
FNF:1
FNH:0
FNDA:0,(anonymous_1)
DA:5,1
DA:7,0
LF:2
LH:1
BRF:0
BRH:0
end_of_record
TN:
SF:/Users/audrey/Personal/Programming/Workspace/LearnOLL/app/time/timesStatistics.filter.js
FN:7,(anonymous_1)
FN:8,(anonymous_2)
FNF:2
FNH:2
FNDA:4,(anonymous_1)
FNDA:8,(anonymous_2)
DA:5,1
DA:8,4
DA:9,8
DA:11,4
DA:12,4
DA:13,1
DA:15,3
DA:17,4
DA:18,2
DA:20,2
LF:10
LH:10
BRDA:9,1,0,4
BRDA:9,1,1,4
BRDA:9,2,0,8
BRDA:9,2,1,6
BRDA:12,3,0,1
BRDA:12,3,1,3
BRDA:17,4,0,2
BRDA:17,4,1,2
BRF:8
BRH:8
end_of_record
TN:
SF:/Users/audrey/Personal/Programming/Workspace/LearnOLL/app/timer/timer-records.factory.js
FN:7,(anonymous_1)
FN:12,getDayOnly
FN:36,findSame
FN:40,(anonymous_4)
FN:66,(anonymous_5)
FN:75,(anonymous_6)
FNF:6
FNH:0
FNDA:0,(anonymous_1)
FNDA:0,getDayOnly
FNDA:0,findSame
FNDA:0,(anonymous_4)
FNDA:0,(anonymous_5)
FNDA:0,(anonymous_6)
DA:5,1
DA:8,0
DA:9,0
DA:10,0
DA:12,1
DA:13,0
DA:14,0
DA:15,0
DA:16,0
DA:17,0
DA:31,0
DA:33,0
DA:36,1
DA:37,0
DA:40,0
DA:41,0
DA:42,0
DA:43,0
DA:44,0
DA:45,0
DA:47,0
DA:48,0
DA:49,0
DA:51,0
DA:54,0
DA:56,0
DA:57,0
DA:58,0
DA:59,0
DA:61,0
DA:66,0
DA:67,0
DA:68,0
DA:69,0
DA:70,0
DA:71,0
DA:75,0
DA:76,0
DA:77,0
LF:39
LH:3
BRDA:13,1,0,0
BRDA:13,1,1,0
BRDA:47,2,0,0
BRDA:47,2,1,0
BRDA:56,3,0,0
BRDA:56,3,1,0
BRF:6
BRH:0
end_of_record
TN:
SF:/Users/audrey/Personal/Programming/Workspace/LearnOLL/app/timer/timer.module.js
FN:11,TimerController
FN:47,deleteAll
FN:55,deleteRecord
FN:61,delta
FN:72,getCookies
FN:89,render
FN:96,reset
FN:102,returnNames
FN:110,returnObjects
FN:120,save
FN:123,(anonymous_11)
FN:143,start
FN:153,stop
FN:167,update
FN:175,(anonymous_15)
FNF:15
FNH:5
FNDA:6,TimerController
FNDA:0,deleteAll
FNDA:2,deleteRecord
FNDA:0,delta
FNDA:6,getCookies
FNDA:8,render
FNDA:6,reset
FNDA:0,returnNames
FNDA:0,returnObjects
FNDA:0,save
FNDA:0,(anonymous_11)
FNDA:0,start
FNDA:0,stop
FNDA:0,update
FNDA:0,(anonymous_15)
DA:5,1
DA:9,1
DA:11,1
DA:13,6
DA:14,6
DA:15,6
DA:16,6
DA:17,6
DA:18,6
DA:19,6
DA:20,6
DA:21,6
DA:22,6
DA:23,6
DA:24,6
DA:25,6
DA:26,6
DA:27,6
DA:28,6
DA:29,6
DA:30,6
DA:31,6
DA:34,6
DA:35,6
DA:36,6
DA:41,6
DA:43,6
DA:45,6
DA:47,1
DA:48,0
DA:50,0
DA:51,0
DA:55,1
DA:56,2
DA:57,1
DA:61,1
DA:62,0
DA:65,0
DA:66,0
DA:67,0
DA:69,0
DA:72,1
DA:73,6
DA:74,6
DA:77,6
DA:79,2
DA:80,2
DA:84,0
DA:85,0
DA:89,1
DA:90,8
DA:91,8
DA:92,8
DA:93,8
DA:96,1
DA:97,6
DA:98,6
DA:99,6
DA:102,1
DA:103,0
DA:104,0
DA:106,0
DA:110,1
DA:111,0
DA:112,0
DA:113,0
DA:115,0
DA:116,0
DA:120,1
DA:121,0
DA:122,0
DA:123,0
DA:124,0
DA:125,0
DA:126,0
DA:131,0
DA:134,0
DA:135,0
DA:136,0
DA:137,0
DA:138,0
DA:139,0
DA:140,0
DA:143,1
DA:144,0
DA:145,0
DA:146,0
DA:147,0
DA:148,0
DA:149,0
DA:150,0
DA:153,1
DA:154,0
DA:155,0
DA:156,0
DA:157,0
DA:158,0
DA:159,0
DA:160,0
DA:161,0
DA:162,0
DA:163,0
DA:167,1
DA:168,0
DA:169,0
DA:173,6
DA:178,0
DA:180,0
DA:181,0
DA:182,0
DA:183,0
DA:184,0
DA:185,0
LF:113
LH:55
BRDA:50,1,0,0
BRDA:50,1,1,0
BRDA:56,2,0,1
BRDA:56,2,1,1
BRDA:56,3,0,2
BRDA:56,3,1,2
BRDA:66,4,0,0
BRDA:66,4,1,0
BRDA:77,5,0,2
BRDA:77,5,1,4
BRDA:90,6,0,6
BRDA:90,6,1,2
BRDA:90,7,0,1
BRDA:90,7,1,1
BRDA:91,8,0,6
BRDA:91,8,1,2
BRDA:91,9,0,0
BRDA:91,9,1,2
BRDA:92,10,0,7
BRDA:92,10,1,1
BRDA:92,11,0,0
BRDA:92,11,1,1
BRDA:103,12,0,0
BRDA:103,12,1,0
BRDA:111,13,0,0
BRDA:111,13,1,0
BRDA:131,14,0,0
BRDA:131,14,1,0
BRF:28
BRH:16
end_of_record
