TN:
SF:/Users/audrey/Personal/Programming/Workspace/LearnOLL/app/app.module.js
FN:12,(anonymous_1)
FN:25,(anonymous_2)
FNF:2
FNH:0
FNDA:0,(anonymous_1)
FNDA:0,(anonymous_2)
DA:4,1
DA:9,1
DA:13,0
DA:25,1
LF:4
LH:3
BRF:0
BRH:0
end_of_record
TN:
SF:/Users/audrey/Personal/Programming/Workspace/LearnOLL/app/app.config.js
FN:8,(anonymous_1)
FNF:1
FNH:1
FNDA:189,(anonymous_1)
DA:6,1
DA:9,189
DA:10,189
DA:11,189
LF:4
LH:4
BRF:0
BRH:0
end_of_record
TN:
SF:/Users/audrey/Personal/Programming/Workspace/LearnOLL/app/flashCard.directive.js
FN:7,(anonymous_1)
FN:13,(anonymous_2)
FNF:2
FNH:0
FNDA:0,(anonymous_1)
FNDA:0,(anonymous_2)
DA:5,1
DA:8,0
LF:2
LH:1
BRF:0
BRH:0
end_of_record
TN:
SF:/Users/audrey/Personal/Programming/Workspace/LearnOLL/app/hiddenRows.value.js
FNF:0
FNH:0
DA:4,1
LF:1
LH:1
BRF:0
BRH:0
end_of_record
TN:
SF:/Users/audrey/Personal/Programming/Workspace/LearnOLL/app/tabs.directive.js
FN:7,(anonymous_1)
FN:12,(anonymous_2)
FN:14,(anonymous_3)
FN:15,(anonymous_4)
FN:22,(anonymous_5)
FN:33,(anonymous_6)
FN:40,(anonymous_7)
FNF:7
FNH:0
FNDA:0,(anonymous_1)
FNDA:0,(anonymous_2)
FNDA:0,(anonymous_3)
FNDA:0,(anonymous_4)
FNDA:0,(anonymous_5)
FNDA:0,(anonymous_6)
FNDA:0,(anonymous_7)
DA:5,1
DA:7,1
DA:8,0
DA:13,0
DA:14,0
DA:15,0
DA:17,0
DA:19,0
DA:22,0
DA:23,0
DA:24,0
DA:26,0
DA:33,1
DA:34,0
DA:42,0
LF:15
LH:3
BRDA:23,1,0,0
BRDA:23,1,1,0
BRF:2
BRH:0
end_of_record
TN:
SF:/Users/audrey/Personal/Programming/Workspace/LearnOLL/app/cases/cases.value.js
FNF:0
FNH:0
DA:5,1
LF:1
LH:1
BRF:0
BRH:0
end_of_record
TN:
SF:/Users/audrey/Personal/Programming/Workspace/LearnOLL/app/colorCodeAlgorithms/colorCodeAlgorithms.filter.js
FN:8,colorCodeAlgorithms
FN:9,(anonymous_2)
FNF:2
FNH:2
FNDA:3,colorCodeAlgorithms
FNDA:15,(anonymous_2)
DA:4,1
DA:8,1
DA:9,3
DA:10,15
DA:11,15
DA:21,15
DA:23,15
DA:24,14
DA:26,140
DA:29,140
DA:33,1
DA:35,15
LF:12
LH:12
BRDA:23,1,0,14
BRDA:23,1,1,1
BRF:2
BRH:2
end_of_record
TN:
SF:/Users/audrey/Personal/Programming/Workspace/LearnOLL/app/cookies/cookieData.value.js
FN:23,range
FN:25,(anonymous_2)
FNF:2
FNH:2
FNDA:1,range
FNDA:5,(anonymous_2)
DA:9,1
DA:23,1
DA:24,1
DA:26,5
LF:4
LH:4
BRF:0
BRH:0
end_of_record
TN:
SF:/Users/audrey/Personal/Programming/Workspace/LearnOLL/app/cookies/cookieDataTypes.value.js
FNF:0
FNH:0
DA:5,1
LF:1
LH:1
BRF:0
BRH:0
end_of_record
TN:
SF:/Users/audrey/Personal/Programming/Workspace/LearnOLL/app/cookies/cookieStrings.value.js
FNF:0
FNH:0
DA:5,1
LF:1
LH:1
BRF:0
BRH:0
end_of_record
TN:
SF:/Users/audrey/Personal/Programming/Workspace/LearnOLL/app/cube-scrambler/cube-scrambler.module.js
FN:7,CubeScrambler
FN:35,scramble
FNF:2
FNH:2
FNDA:7,CubeScrambler
FNDA:8,scramble
DA:5,1
DA:7,1
DA:8,7
DA:9,7
DA:29,7
DA:31,7
DA:35,1
DA:36,8
DA:37,8
DA:38,8
DA:39,200
DA:40,200
DA:41,200
DA:42,192
DA:43,12
DA:44,19
DA:47,192
DA:48,34
DA:49,43
DA:53,200
DA:54,200
DA:56,8
DA:57,8
DA:58,200
DA:60,8
LF:25
LH:25
BRDA:41,1,0,192
BRDA:41,1,1,8
BRDA:41,2,0,200
BRDA:41,2,1,192
BRDA:42,3,0,12
BRDA:42,3,1,180
BRDA:42,4,0,192
BRDA:42,4,1,60
BRDA:47,5,0,34
BRDA:47,5,1,158
BRF:10
BRH:10
end_of_record
TN:
SF:/Users/audrey/Personal/Programming/Workspace/LearnOLL/app/flash-cards/flash-cards.module.js
FN:8,(anonymous_1)
FN:12,(anonymous_2)
FN:54,(anonymous_3)
FN:61,(anonymous_4)
FN:65,(anonymous_5)
FN:73,(anonymous_6)
FN:81,(anonymous_7)
FN:88,(anonymous_8)
FN:96,(anonymous_9)
FN:102,(anonymous_10)
FN:108,(anonymous_11)
FN:116,(anonymous_12)
FN:123,(anonymous_13)
FN:130,(anonymous_14)
FN:148,(anonymous_15)
FN:162,(anonymous_16)
FN:170,(anonymous_17)
FN:177,(anonymous_18)
FN:195,(anonymous_19)
FN:203,(anonymous_20)
FN:210,(anonymous_21)
FN:214,(anonymous_22)
FN:218,(anonymous_23)
FN:222,(anonymous_24)
FNF:24
FNH:19
FNDA:57,(anonymous_1)
FNDA:1,(anonymous_2)
FNDA:5,(anonymous_3)
FNDA:3,(anonymous_4)
FNDA:2,(anonymous_5)
FNDA:3,(anonymous_6)
FNDA:3,(anonymous_7)
FNDA:3,(anonymous_8)
FNDA:5,(anonymous_9)
FNDA:3,(anonymous_10)
FNDA:3,(anonymous_11)
FNDA:4,(anonymous_12)
FNDA:3,(anonymous_13)
FNDA:3,(anonymous_14)
FNDA:2,(anonymous_15)
FNDA:4,(anonymous_16)
FNDA:2,(anonymous_17)
FNDA:7,(anonymous_18)
FNDA:2,(anonymous_19)
FNDA:0,(anonymous_20)
FNDA:0,(anonymous_21)
FNDA:0,(anonymous_22)
FNDA:0,(anonymous_23)
FNDA:0,(anonymous_24)
DA:6,1
DA:9,57
DA:12,57
DA:13,1
DA:14,6
DA:15,5
DA:16,5
DA:19,5
DA:21,0
DA:22,0
DA:25,5
DA:26,5
DA:32,1
DA:33,1
DA:34,1
DA:38,1
DA:39,0
DA:41,1
DA:42,1
DA:44,0
DA:45,0
DA:48,1
DA:49,1
DA:54,57
DA:55,5
DA:56,2
DA:58,3
DA:61,57
DA:62,3
DA:65,57
DA:66,2
DA:67,1
DA:68,0
DA:73,57
DA:74,3
DA:75,1
DA:77,2
DA:81,57
DA:82,3
DA:83,2
DA:85,1
DA:88,57
DA:89,3
DA:90,1
DA:92,2
DA:96,57
DA:97,5
DA:98,3
DA:102,57
DA:103,3
DA:104,1
DA:108,57
DA:109,3
DA:110,1
DA:112,2
DA:116,57
DA:117,4
DA:118,4
DA:120,0
DA:123,57
DA:124,3
DA:125,1
DA:127,2
DA:130,57
DA:131,3
DA:132,2
DA:133,1
DA:134,1
DA:136,1
DA:137,1
DA:138,1
DA:139,1
DA:140,1
DA:141,1
DA:148,57
DA:149,2
DA:150,2
DA:152,0
DA:153,0
DA:154,0
DA:155,0
DA:156,0
DA:162,57
DA:163,4
DA:164,2
DA:166,2
DA:170,57
DA:171,2
DA:172,1
DA:174,1
DA:177,57
DA:178,7
DA:179,3
DA:180,2
DA:183,4
DA:185,4
DA:188,0
DA:190,0
DA:195,57
DA:196,2
DA:197,2
DA:199,0
DA:200,0
DA:203,57
DA:204,0
DA:205,0
DA:207,0
DA:210,57
DA:211,0
DA:214,57
DA:215,0
DA:218,57
DA:219,0
DA:222,57
DA:223,0
DA:224,0
DA:226,0
DA:229,57
LF:118
LH:93
BRDA:14,1,0,5
BRDA:14,1,1,1
BRDA:19,2,0,0
BRDA:19,2,1,0
BRDA:32,3,0,1
BRDA:32,3,1,0
BRDA:42,4,0,0
BRDA:42,4,1,0
BRDA:55,5,0,2
BRDA:55,5,1,3
BRDA:66,6,0,1
BRDA:66,6,1,1
BRDA:67,7,0,0
BRDA:67,7,1,1
BRDA:74,8,0,1
BRDA:74,8,1,2
BRDA:82,9,0,2
BRDA:82,9,1,1
BRDA:89,10,0,1
BRDA:89,10,1,2
BRDA:97,11,0,3
BRDA:97,11,1,2
BRDA:97,12,0,5
BRDA:97,12,1,3
BRDA:97,13,0,3
BRDA:97,13,1,0
BRDA:103,14,0,1
BRDA:103,14,1,2
BRDA:109,15,0,1
BRDA:109,15,1,2
BRDA:117,16,0,4
BRDA:117,16,1,0
BRDA:124,17,0,1
BRDA:124,17,1,2
BRDA:131,18,0,2
BRDA:131,18,1,1
BRDA:132,19,0,1
BRDA:132,19,1,1
BRDA:138,20,0,1
BRDA:138,20,1,0
BRDA:149,21,0,2
BRDA:149,21,1,0
BRDA:154,22,0,0
BRDA:154,22,1,0
BRDA:163,23,0,2
BRDA:163,23,1,2
BRDA:171,24,0,1
BRDA:171,24,1,1
BRDA:178,25,0,3
BRDA:178,25,1,4
BRDA:179,26,0,2
BRDA:179,26,1,1
BRDA:183,27,0,4
BRDA:183,27,1,0
BRDA:196,28,0,2
BRDA:196,28,1,0
BRDA:204,29,0,0
BRDA:204,29,1,0
BRDA:223,30,0,0
BRDA:223,30,1,0
BRF:60
BRH:42
end_of_record
TN:
SF:/Users/audrey/Personal/Programming/Workspace/LearnOLL/app/oll-case-content/oll-case-content.controller.js
FN:10,ContentController
FN:47,checkFlashCardData
FN:53,addOptions
FN:57,(anonymous_4)
FN:64,addPriorityOptions
FN:72,countCases
FN:90,declassify
FN:96,flashCardsData
FN:116,editCardSelection
FN:130,editTable
FN:150,hiddenColsData
FN:172,hiddenRowsData
FN:192,hideHiddenCols
FN:200,hideHiddenRows
FN:210,initialize
FN:252,modifyKnownCases
FN:256,pickAnAlgorithm
FN:272,returnSolve
FN:280,showHiddenCols
FN:288,showHiddenRows
FN:296,setFilter
FN:302,setSort
FN:308,useCookieInfo
FN:315,returnAddress
FN:321,(anonymous_25)
FN:325,(anonymous_26)
FN:336,(anonymous_27)
FN:348,(anonymous_28)
FN:385,(anonymous_29)
FN:393,(anonymous_30)
FN:406,(anonymous_31)
FN:413,(anonymous_32)
FNF:32
FNH:0
FNDA:0,ContentController
FNDA:0,checkFlashCardData
FNDA:0,addOptions
FNDA:0,(anonymous_4)
FNDA:0,addPriorityOptions
FNDA:0,countCases
FNDA:0,declassify
FNDA:0,flashCardsData
FNDA:0,editCardSelection
FNDA:0,editTable
FNDA:0,hiddenColsData
FNDA:0,hiddenRowsData
FNDA:0,hideHiddenCols
FNDA:0,hideHiddenRows
FNDA:0,initialize
FNDA:0,modifyKnownCases
FNDA:0,pickAnAlgorithm
FNDA:0,returnSolve
FNDA:0,showHiddenCols
FNDA:0,showHiddenRows
FNDA:0,setFilter
FNDA:0,setSort
FNDA:0,useCookieInfo
FNDA:0,returnAddress
FNDA:0,(anonymous_25)
FNDA:0,(anonymous_26)
FNDA:0,(anonymous_27)
FNDA:0,(anonymous_28)
FNDA:0,(anonymous_29)
FNDA:0,(anonymous_30)
FNDA:0,(anonymous_31)
FNDA:0,(anonymous_32)
DA:4,1
DA:8,1
DA:10,1
DA:12,0
DA:13,0
DA:14,0
DA:15,0
DA:16,0
DA:17,0
DA:18,0
DA:19,0
DA:20,0
DA:21,0
DA:22,0
DA:23,0
DA:24,0
DA:25,0
DA:26,0
DA:27,0
DA:28,0
DA:29,0
DA:30,0
DA:31,0
DA:32,0
DA:33,0
DA:34,0
DA:35,0
DA:36,0
DA:37,0
DA:38,0
DA:39,0
DA:40,0
DA:41,0
DA:43,0
DA:44,0
DA:47,1
DA:48,0
DA:49,0
DA:53,1
DA:55,0
DA:56,0
DA:57,0
DA:58,0
DA:59,0
DA:64,1
DA:66,0
DA:67,0
DA:68,0
DA:72,1
DA:75,0
DA:76,0
DA:77,0
DA:78,0
DA:79,0
DA:80,0
DA:85,0
DA:86,0
DA:87,0
DA:90,1
DA:91,0
DA:93,0
DA:96,1
DA:99,0
DA:104,0
DA:105,0
DA:106,0
DA:107,0
DA:108,0
DA:112,0
DA:116,1
DA:117,0
DA:118,0
DA:119,0
DA:120,0
DA:122,0
DA:126,0
DA:130,1
DA:131,0
DA:132,0
DA:133,0
DA:135,0
DA:136,0
DA:138,0
DA:139,0
DA:142,0
DA:143,0
DA:145,0
DA:146,0
DA:150,1
DA:152,0
DA:153,0
DA:154,0
DA:155,0
DA:157,0
DA:160,0
DA:161,0
DA:162,0
DA:166,0
DA:168,0
DA:172,1
DA:175,0
DA:176,0
DA:177,0
DA:178,0
DA:182,0
DA:185,0
DA:188,0
DA:192,1
DA:193,0
DA:194,0
DA:195,0
DA:200,1
DA:202,0
DA:203,0
DA:205,0
DA:210,1
DA:211,0
DA:212,0
DA:213,0
DA:214,0
DA:218,0
DA:219,0
DA:220,0
DA:221,0
DA:222,0
DA:225,0
DA:226,0
DA:227,0
DA:228,0
DA:232,0
DA:240,0
DA:245,0
DA:247,0
DA:252,1
DA:253,0
DA:256,1
DA:257,0
DA:259,0
DA:260,0
DA:261,0
DA:263,0
DA:267,0
DA:272,1
DA:273,0
DA:274,0
DA:276,0
DA:280,1
DA:281,0
DA:282,0
DA:283,0
DA:288,1
DA:289,0
DA:290,0
DA:291,0
DA:296,1
DA:298,0
DA:302,1
DA:304,0
DA:305,0
DA:308,1
DA:310,0
DA:311,0
DA:312,0
DA:315,1
DA:316,0
DA:317,0
DA:318,0
DA:321,0
DA:322,0
DA:325,0
DA:326,0
DA:327,0
DA:328,0
DA:329,0
DA:333,0
DA:336,0
DA:337,0
DA:338,0
DA:339,0
DA:340,0
DA:344,0
DA:348,0
DA:351,0
DA:353,0
DA:355,0
DA:356,0
DA:357,0
DA:358,0
DA:359,0
DA:360,0
DA:362,0
DA:363,0
DA:364,0
DA:365,0
DA:366,0
DA:367,0
DA:368,0
DA:373,0
DA:374,0
DA:375,0
DA:376,0
DA:382,0
DA:385,0
DA:386,0
DA:388,0
DA:389,0
DA:393,0
DA:395,0
DA:396,0
DA:398,0
DA:399,0
DA:401,0
DA:406,0
DA:408,0
DA:409,0
DA:413,0
DA:415,0
LF:217
LH:25
BRDA:78,1,0,0
BRDA:78,1,1,0
BRDA:117,2,0,0
BRDA:117,2,1,0
BRDA:117,3,0,0
BRDA:117,3,1,0
BRDA:122,4,0,0
BRDA:122,4,1,0
BRDA:122,5,0,0
BRDA:122,5,1,0
BRDA:122,6,0,0
BRDA:122,6,1,0
BRDA:131,7,0,0
BRDA:131,7,1,0
BRDA:133,8,0,0
BRDA:133,8,1,0
BRDA:154,9,0,0
BRDA:154,9,1,0
BRDA:161,10,0,0
BRDA:161,10,1,0
BRDA:177,11,0,0
BRDA:177,11,1,0
BRDA:194,12,0,0
BRDA:194,12,1,0
BRDA:203,13,0,0
BRDA:203,13,1,0
BRDA:247,14,0,0
BRDA:247,14,1,0
BRDA:257,15,0,0
BRDA:257,15,1,0
BRDA:259,16,0,0
BRDA:259,16,1,0
BRDA:260,17,0,0
BRDA:260,17,1,0
BRDA:261,18,0,0
BRDA:261,18,1,0
BRDA:261,18,2,0
BRDA:261,18,3,0
BRDA:273,19,0,0
BRDA:273,19,1,0
BRDA:274,20,0,0
BRDA:274,20,1,0
BRDA:282,21,0,0
BRDA:282,21,1,0
BRDA:290,22,0,0
BRDA:290,22,1,0
BRDA:328,23,0,0
BRDA:328,23,1,0
BRDA:339,24,0,0
BRDA:339,24,1,0
BRDA:355,25,0,0
BRDA:355,25,1,0
BRDA:356,26,0,0
BRDA:356,26,1,0
BRDA:357,27,0,0
BRDA:357,27,1,0
BRDA:363,28,0,0
BRDA:363,28,1,0
BRDA:365,29,0,0
BRDA:365,29,1,0
BRDA:374,30,0,0
BRDA:374,30,1,0
BRDA:388,31,0,0
BRDA:388,31,1,0
BRDA:396,32,0,0
BRDA:396,32,1,0
BRDA:398,33,0,0
BRDA:398,33,1,0
BRF:68
BRH:0
end_of_record
TN:
SF:/Users/audrey/Personal/Programming/Workspace/LearnOLL/app/stats/stats.factory.js
FN:9,(anonymous_1)
FN:59,timeObject
FN:63,compareNums
FN:67,convert
FN:71,addData
FN:79,length
FN:83,loadData
FN:123,getSum
FN:127,avg
FN:131,mean
FN:145,getVariance
FN:151,variance
FN:167,stdDev
FN:182,mean5
FN:193,mean35
FN:206,mean10
FN:217,mean1012
FN:230,mean100
FN:241,q1
FN:260,median
FN:278,q3
FN:296,best
FN:306,worst
FN:316,iqr
FN:325,range
FN:335,calculate
FNF:26
FNH:26
FNDA:102,(anonymous_1)
FNDA:53,timeObject
FNDA:42286,compareNums
FNDA:182,convert
FNDA:4,addData
FNDA:5,length
FNDA:145,loadData
FNDA:5096,getSum
FNDA:439,avg
FNDA:160,mean
FNDA:1977,getVariance
FNDA:160,variance
FNDA:157,stdDev
FNDA:154,mean5
FNDA:155,mean35
FNDA:153,mean10
FNDA:151,mean1012
FNDA:153,mean100
FNDA:151,q1
FNDA:152,median
FNDA:151,q3
FNDA:151,best
FNDA:151,worst
FNDA:151,iqr
FNDA:151,range
FNDA:151,calculate
DA:5,1
DA:10,102
DA:11,102
DA:33,102
DA:34,102
DA:35,102
DA:36,102
DA:37,102
DA:38,102
DA:39,102
DA:40,102
DA:41,102
DA:42,102
DA:43,102
DA:44,102
DA:45,102
DA:46,102
DA:47,102
DA:48,102
DA:49,102
DA:50,102
DA:51,102
DA:52,102
DA:53,102
DA:54,102
DA:55,102
DA:56,102
DA:59,1
DA:60,53
DA:63,1
DA:64,42286
DA:67,1
DA:68,182
DA:71,1
DA:72,4
DA:73,3
DA:74,3
DA:76,4
DA:79,1
DA:80,5
DA:83,1
DA:84,145
DA:85,145
DA:87,145
DA:89,145
DA:90,144
DA:92,43
DA:93,53
DA:94,53
DA:97,43
DA:99,43
DA:101,43
DA:102,53
DA:103,53
DA:104,53
DA:109,101
DA:111,101
DA:113,101
DA:114,1951
DA:115,1951
DA:116,1951
DA:120,145
DA:123,1
DA:124,5096
DA:126,102
DA:127,1
DA:128,439
DA:131,1
DA:134,160
DA:135,160
DA:138,95
DA:141,65
DA:145,1
DA:146,1977
DA:147,1977
DA:148,1977
DA:151,1
DA:152,160
DA:153,160
DA:154,160
DA:155,95
DA:156,95
DA:157,1
DA:159,95
DA:160,95
DA:162,65
DA:167,1
DA:168,157
DA:169,93
DA:170,93
DA:171,93
DA:172,0
DA:173,0
DA:175,93
DA:177,64
DA:182,1
DA:183,154
DA:184,154
DA:185,90
DA:187,90
DA:189,64
DA:193,1
DA:194,155
DA:195,155
DA:196,91
DA:197,91
DA:198,91
DA:200,91
DA:202,64
DA:206,1
DA:207,153
DA:208,153
DA:209,88
DA:211,88
DA:213,65
DA:217,1
DA:218,151
DA:219,151
DA:220,72
DA:221,72
DA:222,72
DA:223,72
DA:224,72
DA:226,79
DA:230,1
DA:231,153
DA:232,153
DA:233,5
DA:235,5
DA:237,148
DA:241,1
DA:242,151
DA:243,151
DA:244,76
DA:245,76
DA:247,68
DA:248,68
DA:249,68
DA:250,68
DA:251,8
DA:252,8
DA:253,8
DA:256,75
DA:260,1
DA:261,152
DA:262,152
DA:263,91
DA:264,91
DA:265,12
DA:266,12
DA:268,79
DA:269,79
DA:270,79
DA:271,79
DA:274,61
DA:278,1
DA:279,151
DA:280,151
DA:281,76
DA:282,76
DA:283,8
DA:284,8
DA:285,68
DA:286,68
DA:287,68
DA:288,68
DA:289,68
DA:292,75
DA:296,1
DA:297,151
DA:298,151
DA:299,91
DA:300,91
DA:302,60
DA:306,1
DA:307,151
DA:308,151
DA:309,91
DA:310,91
DA:312,60
DA:316,1
DA:317,151
DA:318,151
DA:319,76
DA:321,75
DA:325,1
DA:326,151
DA:327,151
DA:328,91
DA:330,60
DA:335,1
DA:336,151
DA:337,151
DA:338,151
DA:339,151
DA:340,151
DA:341,151
DA:342,151
DA:343,151
DA:344,151
DA:345,151
DA:346,151
DA:347,151
DA:348,151
DA:349,151
DA:350,151
DA:353,102
LF:207
LH:205
BRDA:72,1,0,3
BRDA:72,1,1,1
BRDA:72,2,0,4
BRDA:72,2,1,3
BRDA:89,3,0,144
BRDA:89,3,1,1
BRDA:90,4,0,43
BRDA:90,4,1,101
BRDA:135,5,0,95
BRDA:135,5,1,65
BRDA:154,6,0,95
BRDA:154,6,1,65
BRDA:156,7,0,1
BRDA:156,7,1,94
BRDA:168,8,0,93
BRDA:168,8,1,64
BRDA:168,9,0,157
BRDA:168,9,1,94
BRDA:171,10,0,0
BRDA:171,10,1,93
BRDA:171,11,0,93
BRDA:171,11,1,93
BRDA:184,12,0,90
BRDA:184,12,1,64
BRDA:195,13,0,91
BRDA:195,13,1,64
BRDA:208,14,0,88
BRDA:208,14,1,65
BRDA:219,15,0,72
BRDA:219,15,1,79
BRDA:232,16,0,5
BRDA:232,16,1,148
BRDA:243,17,0,76
BRDA:243,17,1,75
BRDA:245,18,0,68
BRDA:245,18,1,8
BRDA:245,19,0,76
BRDA:245,19,1,14
BRDA:251,20,0,8
BRDA:251,20,1,0
BRDA:251,21,0,8
BRDA:251,21,1,5
BRDA:262,22,0,91
BRDA:262,22,1,61
BRDA:264,23,0,12
BRDA:264,23,1,79
BRDA:280,24,0,76
BRDA:280,24,1,75
BRDA:282,25,0,8
BRDA:282,25,1,68
BRDA:282,26,0,76
BRDA:282,26,1,73
BRDA:285,27,0,68
BRDA:285,27,1,0
BRDA:285,28,0,68
BRDA:285,28,1,62
BRDA:298,29,0,91
BRDA:298,29,1,60
BRDA:308,30,0,91
BRDA:308,30,1,60
BRDA:318,31,0,76
BRDA:318,31,1,75
BRDA:327,32,0,91
BRDA:327,32,1,60
BRF:64
BRH:61
end_of_record
TN:
SF:/Users/audrey/Personal/Programming/Workspace/LearnOLL/app/time/timeConversion.factory.js
FN:7,(anonymous_1)
FN:10,(anonymous_2)
FN:14,(anonymous_3)
FN:18,(anonymous_4)
FN:22,(anonymous_5)
FN:26,(anonymous_6)
FN:30,(anonymous_7)
FN:34,(anonymous_8)
FN:38,(anonymous_9)
FN:42,(anonymous_10)
FN:46,(anonymous_11)
FN:106,(anonymous_12)
FNF:12
FNH:12
FNDA:122,(anonymous_1)
FNDA:4,(anonymous_2)
FNDA:3,(anonymous_3)
FNDA:193,(anonymous_4)
FNDA:3,(anonymous_5)
FNDA:194,(anonymous_6)
FNDA:196,(anonymous_7)
FNDA:2023,(anonymous_8)
FNDA:2023,(anonymous_9)
FNDA:4,(anonymous_10)
FNDA:2020,(anonymous_11)
FNDA:190,(anonymous_12)
DA:5,1
DA:8,122
DA:10,122
DA:11,4
DA:14,122
DA:15,3
DA:18,122
DA:19,193
DA:22,122
DA:23,3
DA:26,122
DA:27,194
DA:30,122
DA:31,196
DA:34,122
DA:35,2023
DA:38,122
DA:39,2023
DA:42,122
DA:43,4
DA:46,122
DA:48,2020
DA:50,2020
DA:51,2020
DA:53,2020
DA:55,2020
DA:56,4
DA:59,4
DA:61,2016
DA:63,2020
DA:64,2020
DA:69,2020
DA:70,2020
DA:71,4
DA:72,4
DA:74,2020
DA:76,2020
DA:77,4
DA:79,2016
DA:81,2020
DA:82,2020
DA:84,2020
DA:85,17
DA:86,17
DA:88,2003
DA:91,2020
DA:92,2020
DA:101,2020
DA:103,0
DA:106,122
DA:107,190
DA:108,190
DA:109,190
DA:111,190
DA:112,190
DA:113,190
DA:114,190
DA:117,122
LF:58
LH:57
BRDA:50,1,0,2020
BRDA:50,1,1,0
BRDA:55,2,0,4
BRDA:55,2,1,2016
BRDA:70,3,0,4
BRDA:70,3,1,2016
BRDA:76,4,0,4
BRDA:76,4,1,2016
BRDA:84,5,0,17
BRDA:84,5,1,2003
BRDA:111,6,0,187
BRDA:111,6,1,3
BRDA:112,7,0,79
BRDA:112,7,1,111
BRDA:113,8,0,4
BRDA:113,8,1,186
BRDA:113,9,0,22
BRDA:113,9,1,164
BRF:18
BRH:17
end_of_record
TN:
SF:/Users/audrey/Personal/Programming/Workspace/LearnOLL/app/time/timeStats.directive.js
FN:6,(anonymous_1)
FNF:1
FNH:0
FNDA:0,(anonymous_1)
DA:5,1
DA:7,0
LF:2
LH:1
BRF:0
BRH:0
end_of_record
TN:
SF:/Users/audrey/Personal/Programming/Workspace/LearnOLL/app/time/timesStatistics.filter.js
FN:7,(anonymous_1)
FN:8,(anonymous_2)
FNF:2
FNH:2
FNDA:4,(anonymous_1)
FNDA:8,(anonymous_2)
DA:5,1
DA:8,4
DA:9,8
DA:11,4
DA:12,4
DA:13,1
DA:15,3
DA:17,4
DA:18,2
DA:20,2
LF:10
LH:10
BRDA:9,1,0,4
BRDA:9,1,1,4
BRDA:9,2,0,8
BRDA:9,2,1,6
BRDA:12,3,0,1
BRDA:12,3,1,3
BRDA:17,4,0,2
BRDA:17,4,1,2
BRF:8
BRH:8
end_of_record
TN:
SF:/Users/audrey/Personal/Programming/Workspace/LearnOLL/app/timer/timer-records.factory.js
FN:7,(anonymous_1)
FN:12,getDayOnly
FN:36,findSame
FN:40,(anonymous_4)
FN:73,(anonymous_5)
FN:82,(anonymous_6)
FNF:6
FNH:0
FNDA:0,(anonymous_1)
FNDA:0,getDayOnly
FNDA:0,findSame
FNDA:0,(anonymous_4)
FNDA:0,(anonymous_5)
FNDA:0,(anonymous_6)
DA:5,1
DA:8,0
DA:9,0
DA:10,0
DA:12,1
DA:13,0
DA:14,0
DA:15,0
DA:16,0
DA:17,0
DA:31,0
DA:33,0
DA:36,1
DA:37,0
DA:40,0
DA:41,0
DA:43,0
DA:44,0
DA:45,0
DA:48,0
DA:49,0
DA:50,0
DA:51,0
DA:52,0
DA:54,0
DA:55,0
DA:56,0
DA:58,0
DA:61,0
DA:63,0
DA:64,0
DA:65,0
DA:66,0
DA:68,0
DA:73,0
DA:74,0
DA:75,0
DA:76,0
DA:77,0
DA:78,0
DA:82,0
DA:83,0
DA:84,0
LF:43
LH:3
BRDA:13,1,0,0
BRDA:13,1,1,0
BRDA:54,2,0,0
BRDA:54,2,1,0
BRDA:63,3,0,0
BRDA:63,3,1,0
BRF:6
BRH:0
end_of_record
TN:
SF:/Users/audrey/Personal/Programming/Workspace/LearnOLL/app/timer/timer.module.js
FN:11,TimerController
FN:83,deleteAll
FN:93,deleteIndex
FN:111,deleteRecord
FN:120,delta
FN:131,downloadClicked
FN:135,getCookies
FN:164,isEncoded
FN:168,render
FN:179,reset
FN:185,returnNames
FN:193,(anonymous_12)
FN:198,convertDate
FN:218,returnObjects
FN:227,save
FN:281,saveRecords
FN:292,start
FN:301,stop
FN:317,saveTimeObject
FN:327,update
FNF:20
FNH:14
FNDA:37,TimerController
FNDA:0,deleteAll
FNDA:5,deleteIndex
FNDA:8,deleteRecord
FNDA:2,delta
FNDA:0,downloadClicked
FNDA:37,getCookies
FNDA:0,isEncoded
FNDA:56,render
FNDA:47,reset
FNDA:2,returnNames
FNDA:0,(anonymous_12)
FNDA:0,convertDate
FNDA:2,returnObjects
FNDA:0,save
FNDA:8,saveRecords
FNDA:10,start
FNDA:4,stop
FNDA:4,saveTimeObject
FNDA:4,update
DA:5,1
DA:9,1
DA:11,1
DA:12,37
DA:13,37
DA:14,37
DA:15,37
DA:16,37
DA:17,37
DA:18,37
DA:19,37
DA:20,37
DA:21,37
DA:22,37
DA:23,37
DA:24,37
DA:25,37
DA:26,37
DA:27,37
DA:28,37
DA:29,37
DA:38,37
DA:54,37
DA:55,37
DA:56,37
DA:57,37
DA:58,37
DA:59,37
DA:60,37
DA:61,37
DA:62,37
DA:63,37
DA:66,37
DA:67,37
DA:68,37
DA:73,37
DA:75,37
DA:77,37
DA:83,1
DA:84,0
DA:86,0
DA:87,0
DA:88,0
DA:89,0
DA:93,1
DA:94,5
DA:95,2
DA:96,1
DA:97,1
DA:99,4
DA:103,1
DA:104,1
DA:107,2
DA:111,1
DA:114,8
DA:115,4
DA:116,4
DA:120,1
DA:121,2
DA:124,2
DA:125,2
DA:126,0
DA:128,2
DA:131,1
DA:132,0
DA:135,1
DA:136,37
DA:138,37
DA:140,148
DA:143,37
DA:146,35
DA:148,0
DA:149,0
DA:150,0
DA:151,0
DA:156,2
DA:157,2
DA:158,2
DA:159,8
DA:164,1
DA:165,0
DA:168,1
DA:169,56
DA:170,55
DA:171,55
DA:172,55
DA:173,55
DA:175,1
DA:179,1
DA:180,47
DA:181,47
DA:182,47
DA:185,1
DA:186,2
DA:187,1
DA:189,1
DA:193,37
DA:194,0
DA:195,0
DA:198,1
DA:200,0
DA:201,0
DA:203,0
DA:205,0
DA:207,0
DA:209,0
DA:210,0
DA:211,0
DA:213,0
DA:214,0
DA:215,0
DA:218,1
DA:219,2
DA:221,1
DA:224,1
DA:227,1
DA:228,0
DA:251,0
DA:252,0
DA:254,0
DA:255,0
DA:256,0
DA:257,0
DA:258,0
DA:260,0
DA:263,0
DA:265,0
DA:266,0
DA:268,0
DA:271,0
DA:272,0
DA:273,0
DA:274,0
DA:275,0
DA:276,0
DA:277,0
DA:278,0
DA:281,1
DA:282,8
DA:283,6
DA:284,24
DA:287,2
DA:289,8
DA:292,1
DA:293,10
DA:294,10
DA:295,10
DA:296,10
DA:297,10
DA:298,10
DA:301,1
DA:302,4
DA:303,4
DA:304,4
DA:305,4
DA:306,4
DA:307,4
DA:308,4
DA:309,4
DA:311,4
DA:312,4
DA:313,4
DA:314,4
DA:317,1
DA:318,4
DA:319,4
DA:321,16
DA:327,1
DA:328,4
DA:329,4
LF:170
LH:124
BRDA:86,1,0,0
BRDA:86,1,1,0
BRDA:94,2,0,2
BRDA:94,2,1,3
BRDA:95,3,0,1
BRDA:95,3,1,1
BRDA:96,4,0,1
BRDA:96,4,1,0
BRDA:103,5,0,1
BRDA:103,5,1,0
BRDA:114,6,0,4
BRDA:114,6,1,4
BRDA:114,7,0,8
BRDA:114,7,1,6
BRDA:125,8,0,0
BRDA:125,8,1,2
BRDA:146,9,0,0
BRDA:146,9,1,35
BRDA:169,10,0,55
BRDA:169,10,1,1
BRDA:169,11,0,56
BRDA:169,11,1,55
BRDA:170,12,0,53
BRDA:170,12,1,2
BRDA:170,13,0,1
BRDA:170,13,1,1
BRDA:171,14,0,53
BRDA:171,14,1,2
BRDA:171,15,0,0
BRDA:171,15,1,2
BRDA:172,16,0,54
BRDA:172,16,1,1
BRDA:172,17,0,0
BRDA:172,17,1,1
BRDA:186,18,0,1
BRDA:186,18,1,1
BRDA:219,19,0,1
BRDA:219,19,1,1
BRDA:257,20,0,0
BRDA:257,20,1,0
BRDA:282,21,0,6
BRDA:282,21,1,2
BRF:42
BRH:32
end_of_record
