TN:
SF:/Users/audrey/Personal/Programming/Workspace/LearnOLL/app/app.module.js
FN:12,(anonymous_1)
FN:25,(anonymous_2)
FNF:2
FNH:0
FNDA:0,(anonymous_1)
FNDA:0,(anonymous_2)
DA:4,1
DA:9,1
DA:13,0
DA:25,1
LF:4
LH:3
BRF:0
BRH:0
end_of_record
TN:
SF:/Users/audrey/Personal/Programming/Workspace/LearnOLL/app/app.config.js
FN:8,(anonymous_1)
FNF:1
FNH:1
FNDA:163,(anonymous_1)
DA:6,1
DA:9,163
DA:10,163
DA:11,163
LF:4
LH:4
BRF:0
BRH:0
end_of_record
TN:
SF:/Users/audrey/Personal/Programming/Workspace/LearnOLL/app/flashCard.directive.js
FN:7,(anonymous_1)
FN:13,(anonymous_2)
FNF:2
FNH:0
FNDA:0,(anonymous_1)
FNDA:0,(anonymous_2)
DA:5,1
DA:8,0
LF:2
LH:1
BRF:0
BRH:0
end_of_record
TN:
SF:/Users/audrey/Personal/Programming/Workspace/LearnOLL/app/hiddenRows.value.js
FNF:0
FNH:0
DA:4,1
LF:1
LH:1
BRF:0
BRH:0
end_of_record
TN:
SF:/Users/audrey/Personal/Programming/Workspace/LearnOLL/app/tabs.directive.js
FN:7,(anonymous_1)
FN:12,(anonymous_2)
FN:14,(anonymous_3)
FN:15,(anonymous_4)
FN:22,(anonymous_5)
FN:33,(anonymous_6)
FN:40,(anonymous_7)
FNF:7
FNH:0
FNDA:0,(anonymous_1)
FNDA:0,(anonymous_2)
FNDA:0,(anonymous_3)
FNDA:0,(anonymous_4)
FNDA:0,(anonymous_5)
FNDA:0,(anonymous_6)
FNDA:0,(anonymous_7)
DA:5,1
DA:7,1
DA:8,0
DA:13,0
DA:14,0
DA:15,0
DA:17,0
DA:19,0
DA:22,0
DA:23,0
DA:24,0
DA:26,0
DA:33,1
DA:34,0
DA:42,0
LF:15
LH:3
BRDA:23,1,0,0
BRDA:23,1,1,0
BRF:2
BRH:0
end_of_record
TN:
SF:/Users/audrey/Personal/Programming/Workspace/LearnOLL/app/cases/cases.mocks.js
FN:5,(anonymous_1)
FN:6,(anonymous_2)
FNF:2
FNH:0
FNDA:0,(anonymous_1)
FNDA:0,(anonymous_2)
DA:5,1
DA:6,0
LF:2
LH:1
BRF:0
BRH:0
end_of_record
TN:
SF:/Users/audrey/Personal/Programming/Workspace/LearnOLL/app/cases/cases.value.js
FNF:0
FNH:0
DA:5,1
LF:1
LH:1
BRF:0
BRH:0
end_of_record
TN:
SF:/Users/audrey/Personal/Programming/Workspace/LearnOLL/app/colorCodeAlgorithms/colorCodeAlgorithms.filter.js
FN:8,colorCodeAlgorithms
FN:9,(anonymous_2)
FNF:2
FNH:2
FNDA:3,colorCodeAlgorithms
FNDA:15,(anonymous_2)
DA:4,1
DA:8,1
DA:9,3
DA:10,15
DA:11,15
DA:21,15
DA:23,15
DA:24,14
DA:26,140
DA:29,140
DA:33,1
DA:35,15
LF:12
LH:12
BRDA:23,1,0,14
BRDA:23,1,1,1
BRF:2
BRH:2
end_of_record
TN:
SF:/Users/audrey/Personal/Programming/Workspace/LearnOLL/app/cookies/cookieData.value.js
FN:23,range
FN:25,(anonymous_2)
FNF:2
FNH:2
FNDA:1,range
FNDA:5,(anonymous_2)
DA:9,1
DA:23,1
DA:24,1
DA:26,5
LF:4
LH:4
BRF:0
BRH:0
end_of_record
TN:
SF:/Users/audrey/Personal/Programming/Workspace/LearnOLL/app/cookies/cookieDataTypes.value.js
FNF:0
FNH:0
DA:5,1
LF:1
LH:1
BRF:0
BRH:0
end_of_record
TN:
SF:/Users/audrey/Personal/Programming/Workspace/LearnOLL/app/cookies/cookieStrings.value.js
FNF:0
FNH:0
DA:5,1
LF:1
LH:1
BRF:0
BRH:0
end_of_record
TN:
SF:/Users/audrey/Personal/Programming/Workspace/LearnOLL/app/cube-scrambler/cube-scrambler.module.js
FN:7,CubeScrambler
FN:35,scramble
FNF:2
FNH:2
FNDA:7,CubeScrambler
FNDA:8,scramble
DA:5,1
DA:7,1
DA:8,7
DA:9,7
DA:29,7
DA:31,7
DA:35,1
DA:36,8
DA:37,8
DA:38,8
DA:39,200
DA:40,200
DA:41,200
DA:42,192
DA:43,5
DA:44,8
DA:47,192
DA:48,31
DA:49,43
DA:53,200
DA:54,200
DA:56,8
DA:57,8
DA:58,200
DA:60,8
LF:25
LH:25
BRDA:41,1,0,192
BRDA:41,1,1,8
BRDA:41,2,0,200
BRDA:41,2,1,192
BRDA:42,3,0,5
BRDA:42,3,1,187
BRDA:42,4,0,192
BRDA:42,4,1,53
BRDA:47,5,0,31
BRDA:47,5,1,161
BRF:10
BRH:10
end_of_record
TN:
SF:/Users/audrey/Personal/Programming/Workspace/LearnOLL/app/flash-cards/flash-cards.module.js
FN:8,(anonymous_1)
FN:12,(anonymous_2)
FN:54,(anonymous_3)
FN:61,(anonymous_4)
FN:65,(anonymous_5)
FN:73,(anonymous_6)
FN:81,(anonymous_7)
FN:88,(anonymous_8)
FN:96,(anonymous_9)
FN:102,(anonymous_10)
FN:108,(anonymous_11)
FN:116,(anonymous_12)
FN:123,(anonymous_13)
FN:130,(anonymous_14)
FN:148,(anonymous_15)
FN:162,(anonymous_16)
FN:170,(anonymous_17)
FN:177,(anonymous_18)
FN:195,(anonymous_19)
FN:203,(anonymous_20)
FN:210,(anonymous_21)
FN:214,(anonymous_22)
FN:218,(anonymous_23)
FN:222,(anonymous_24)
FNF:24
FNH:19
FNDA:57,(anonymous_1)
FNDA:1,(anonymous_2)
FNDA:5,(anonymous_3)
FNDA:3,(anonymous_4)
FNDA:2,(anonymous_5)
FNDA:3,(anonymous_6)
FNDA:3,(anonymous_7)
FNDA:3,(anonymous_8)
FNDA:5,(anonymous_9)
FNDA:3,(anonymous_10)
FNDA:3,(anonymous_11)
FNDA:4,(anonymous_12)
FNDA:3,(anonymous_13)
FNDA:3,(anonymous_14)
FNDA:2,(anonymous_15)
FNDA:4,(anonymous_16)
FNDA:2,(anonymous_17)
FNDA:7,(anonymous_18)
FNDA:2,(anonymous_19)
FNDA:0,(anonymous_20)
FNDA:0,(anonymous_21)
FNDA:0,(anonymous_22)
FNDA:0,(anonymous_23)
FNDA:0,(anonymous_24)
DA:6,1
DA:9,57
DA:12,57
DA:13,1
DA:14,6
DA:15,5
DA:16,5
DA:19,5
DA:21,0
DA:22,0
DA:25,5
DA:26,5
DA:32,1
DA:33,1
DA:34,1
DA:38,1
DA:39,0
DA:41,1
DA:42,1
DA:44,0
DA:45,0
DA:48,1
DA:49,1
DA:54,57
DA:55,5
DA:56,2
DA:58,3
DA:61,57
DA:62,3
DA:65,57
DA:66,2
DA:67,1
DA:68,0
DA:73,57
DA:74,3
DA:75,1
DA:77,2
DA:81,57
DA:82,3
DA:83,2
DA:85,1
DA:88,57
DA:89,3
DA:90,1
DA:92,2
DA:96,57
DA:97,5
DA:98,3
DA:102,57
DA:103,3
DA:104,1
DA:108,57
DA:109,3
DA:110,1
DA:112,2
DA:116,57
DA:117,4
DA:118,4
DA:120,0
DA:123,57
DA:124,3
DA:125,1
DA:127,2
DA:130,57
DA:131,3
DA:132,2
DA:133,1
DA:134,1
DA:136,1
DA:137,1
DA:138,1
DA:139,1
DA:140,1
DA:141,1
DA:148,57
DA:149,2
DA:150,2
DA:152,0
DA:153,0
DA:154,0
DA:155,0
DA:156,0
DA:162,57
DA:163,4
DA:164,2
DA:166,2
DA:170,57
DA:171,2
DA:172,1
DA:174,1
DA:177,57
DA:178,7
DA:179,3
DA:180,2
DA:183,4
DA:185,4
DA:188,0
DA:190,0
DA:195,57
DA:196,2
DA:197,2
DA:199,0
DA:200,0
DA:203,57
DA:204,0
DA:205,0
DA:207,0
DA:210,57
DA:211,0
DA:214,57
DA:215,0
DA:218,57
DA:219,0
DA:222,57
DA:223,0
DA:224,0
DA:226,0
DA:229,57
LF:118
LH:93
BRDA:14,1,0,5
BRDA:14,1,1,1
BRDA:19,2,0,0
BRDA:19,2,1,0
BRDA:32,3,0,1
BRDA:32,3,1,0
BRDA:42,4,0,0
BRDA:42,4,1,0
BRDA:55,5,0,2
BRDA:55,5,1,3
BRDA:66,6,0,1
BRDA:66,6,1,1
BRDA:67,7,0,0
BRDA:67,7,1,1
BRDA:74,8,0,1
BRDA:74,8,1,2
BRDA:82,9,0,2
BRDA:82,9,1,1
BRDA:89,10,0,1
BRDA:89,10,1,2
BRDA:97,11,0,3
BRDA:97,11,1,2
BRDA:97,12,0,5
BRDA:97,12,1,3
BRDA:97,13,0,3
BRDA:97,13,1,0
BRDA:103,14,0,1
BRDA:103,14,1,2
BRDA:109,15,0,1
BRDA:109,15,1,2
BRDA:117,16,0,4
BRDA:117,16,1,0
BRDA:124,17,0,1
BRDA:124,17,1,2
BRDA:131,18,0,2
BRDA:131,18,1,1
BRDA:132,19,0,1
BRDA:132,19,1,1
BRDA:138,20,0,1
BRDA:138,20,1,0
BRDA:149,21,0,2
BRDA:149,21,1,0
BRDA:154,22,0,0
BRDA:154,22,1,0
BRDA:163,23,0,2
BRDA:163,23,1,2
BRDA:171,24,0,1
BRDA:171,24,1,1
BRDA:178,25,0,3
BRDA:178,25,1,4
BRDA:179,26,0,2
BRDA:179,26,1,1
BRDA:183,27,0,4
BRDA:183,27,1,0
BRDA:196,28,0,2
BRDA:196,28,1,0
BRDA:204,29,0,0
BRDA:204,29,1,0
BRDA:223,30,0,0
BRDA:223,30,1,0
BRF:60
BRH:42
end_of_record
TN:
SF:/Users/audrey/Personal/Programming/Workspace/LearnOLL/app/oll-case-content/oll-case-content.controller.js
FN:10,ContentController
FN:47,checkFlashCardData
FN:53,addOptions
FN:57,(anonymous_4)
FN:64,addPriorityOptions
FN:72,countCases
FN:90,declassify
FN:96,flashCardsData
FN:116,editCardSelection
FN:130,editTable
FN:150,hiddenColsData
FN:172,hiddenRowsData
FN:192,hideHiddenCols
FN:200,hideHiddenRows
FN:210,initialize
FN:252,modifyKnownCases
FN:256,pickAnAlgorithm
FN:272,returnSolve
FN:280,showHiddenCols
FN:288,showHiddenRows
FN:296,setFilter
FN:302,setSort
FN:308,useCookieInfo
FN:315,returnAddress
FN:321,(anonymous_25)
FN:325,(anonymous_26)
FN:336,(anonymous_27)
FN:348,(anonymous_28)
FN:385,(anonymous_29)
FN:393,(anonymous_30)
FN:406,(anonymous_31)
FN:413,(anonymous_32)
FNF:32
FNH:0
FNDA:0,ContentController
FNDA:0,checkFlashCardData
FNDA:0,addOptions
FNDA:0,(anonymous_4)
FNDA:0,addPriorityOptions
FNDA:0,countCases
FNDA:0,declassify
FNDA:0,flashCardsData
FNDA:0,editCardSelection
FNDA:0,editTable
FNDA:0,hiddenColsData
FNDA:0,hiddenRowsData
FNDA:0,hideHiddenCols
FNDA:0,hideHiddenRows
FNDA:0,initialize
FNDA:0,modifyKnownCases
FNDA:0,pickAnAlgorithm
FNDA:0,returnSolve
FNDA:0,showHiddenCols
FNDA:0,showHiddenRows
FNDA:0,setFilter
FNDA:0,setSort
FNDA:0,useCookieInfo
FNDA:0,returnAddress
FNDA:0,(anonymous_25)
FNDA:0,(anonymous_26)
FNDA:0,(anonymous_27)
FNDA:0,(anonymous_28)
FNDA:0,(anonymous_29)
FNDA:0,(anonymous_30)
FNDA:0,(anonymous_31)
FNDA:0,(anonymous_32)
DA:4,1
DA:8,1
DA:10,1
DA:12,0
DA:13,0
DA:14,0
DA:15,0
DA:16,0
DA:17,0
DA:18,0
DA:19,0
DA:20,0
DA:21,0
DA:22,0
DA:23,0
DA:24,0
DA:25,0
DA:26,0
DA:27,0
DA:28,0
DA:29,0
DA:30,0
DA:31,0
DA:32,0
DA:33,0
DA:34,0
DA:35,0
DA:36,0
DA:37,0
DA:38,0
DA:39,0
DA:40,0
DA:41,0
DA:43,0
DA:44,0
DA:47,1
DA:48,0
DA:49,0
DA:53,1
DA:55,0
DA:56,0
DA:57,0
DA:58,0
DA:59,0
DA:64,1
DA:66,0
DA:67,0
DA:68,0
DA:72,1
DA:75,0
DA:76,0
DA:77,0
DA:78,0
DA:79,0
DA:80,0
DA:85,0
DA:86,0
DA:87,0
DA:90,1
DA:91,0
DA:93,0
DA:96,1
DA:99,0
DA:104,0
DA:105,0
DA:106,0
DA:107,0
DA:108,0
DA:112,0
DA:116,1
DA:117,0
DA:118,0
DA:119,0
DA:120,0
DA:122,0
DA:126,0
DA:130,1
DA:131,0
DA:132,0
DA:133,0
DA:135,0
DA:136,0
DA:138,0
DA:139,0
DA:142,0
DA:143,0
DA:145,0
DA:146,0
DA:150,1
DA:152,0
DA:153,0
DA:154,0
DA:155,0
DA:157,0
DA:160,0
DA:161,0
DA:162,0
DA:166,0
DA:168,0
DA:172,1
DA:175,0
DA:176,0
DA:177,0
DA:178,0
DA:182,0
DA:185,0
DA:188,0
DA:192,1
DA:193,0
DA:194,0
DA:195,0
DA:200,1
DA:202,0
DA:203,0
DA:205,0
DA:210,1
DA:211,0
DA:212,0
DA:213,0
DA:214,0
DA:218,0
DA:219,0
DA:220,0
DA:221,0
DA:222,0
DA:225,0
DA:226,0
DA:227,0
DA:228,0
DA:232,0
DA:240,0
DA:245,0
DA:247,0
DA:252,1
DA:253,0
DA:256,1
DA:257,0
DA:259,0
DA:260,0
DA:261,0
DA:263,0
DA:267,0
DA:272,1
DA:273,0
DA:274,0
DA:276,0
DA:280,1
DA:281,0
DA:282,0
DA:283,0
DA:288,1
DA:289,0
DA:290,0
DA:291,0
DA:296,1
DA:298,0
DA:302,1
DA:304,0
DA:305,0
DA:308,1
DA:310,0
DA:311,0
DA:312,0
DA:315,1
DA:316,0
DA:317,0
DA:318,0
DA:321,0
DA:322,0
DA:325,0
DA:326,0
DA:327,0
DA:328,0
DA:329,0
DA:333,0
DA:336,0
DA:337,0
DA:338,0
DA:339,0
DA:340,0
DA:344,0
DA:348,0
DA:351,0
DA:353,0
DA:355,0
DA:356,0
DA:357,0
DA:358,0
DA:359,0
DA:360,0
DA:362,0
DA:363,0
DA:364,0
DA:365,0
DA:366,0
DA:367,0
DA:368,0
DA:373,0
DA:374,0
DA:375,0
DA:376,0
DA:382,0
DA:385,0
DA:386,0
DA:388,0
DA:389,0
DA:393,0
DA:395,0
DA:396,0
DA:398,0
DA:399,0
DA:401,0
DA:406,0
DA:408,0
DA:409,0
DA:413,0
DA:415,0
LF:217
LH:25
BRDA:78,1,0,0
BRDA:78,1,1,0
BRDA:117,2,0,0
BRDA:117,2,1,0
BRDA:117,3,0,0
BRDA:117,3,1,0
BRDA:122,4,0,0
BRDA:122,4,1,0
BRDA:122,5,0,0
BRDA:122,5,1,0
BRDA:122,6,0,0
BRDA:122,6,1,0
BRDA:131,7,0,0
BRDA:131,7,1,0
BRDA:133,8,0,0
BRDA:133,8,1,0
BRDA:154,9,0,0
BRDA:154,9,1,0
BRDA:161,10,0,0
BRDA:161,10,1,0
BRDA:177,11,0,0
BRDA:177,11,1,0
BRDA:194,12,0,0
BRDA:194,12,1,0
BRDA:203,13,0,0
BRDA:203,13,1,0
BRDA:247,14,0,0
BRDA:247,14,1,0
BRDA:257,15,0,0
BRDA:257,15,1,0
BRDA:259,16,0,0
BRDA:259,16,1,0
BRDA:260,17,0,0
BRDA:260,17,1,0
BRDA:261,18,0,0
BRDA:261,18,1,0
BRDA:261,18,2,0
BRDA:261,18,3,0
BRDA:273,19,0,0
BRDA:273,19,1,0
BRDA:274,20,0,0
BRDA:274,20,1,0
BRDA:282,21,0,0
BRDA:282,21,1,0
BRDA:290,22,0,0
BRDA:290,22,1,0
BRDA:328,23,0,0
BRDA:328,23,1,0
BRDA:339,24,0,0
BRDA:339,24,1,0
BRDA:355,25,0,0
BRDA:355,25,1,0
BRDA:356,26,0,0
BRDA:356,26,1,0
BRDA:357,27,0,0
BRDA:357,27,1,0
BRDA:363,28,0,0
BRDA:363,28,1,0
BRDA:365,29,0,0
BRDA:365,29,1,0
BRDA:374,30,0,0
BRDA:374,30,1,0
BRDA:388,31,0,0
BRDA:388,31,1,0
BRDA:396,32,0,0
BRDA:396,32,1,0
BRDA:398,33,0,0
BRDA:398,33,1,0
BRF:68
BRH:0
end_of_record
TN:
SF:/Users/audrey/Personal/Programming/Workspace/LearnOLL/app/stats/stats.factory.js
FN:9,(anonymous_1)
FN:58,timeObject
FN:62,compareNums
FN:66,convert
FN:70,addData
FN:78,loadData
FN:105,getSum
FN:109,avg
FN:113,mean
FN:127,getVariance
FN:133,variance
FN:149,stdDev
FN:164,mean5
FN:175,mean35
FN:188,mean10
FN:199,mean1012
FN:212,mean100
FN:223,q1
FN:242,median
FN:260,q3
FN:278,best
FN:288,worst
FN:298,iqr
FN:307,range
FN:317,calculate
FNF:25
FNH:19
FNDA:76,(anonymous_1)
FNDA:0,timeObject
FNDA:0,compareNums
FNDA:0,convert
FNDA:4,addData
FNDA:100,loadData
FNDA:0,getSum
FNDA:0,avg
FNDA:11,mean
FNDA:0,getVariance
FNDA:10,variance
FNDA:11,stdDev
FNDA:11,mean5
FNDA:11,mean35
FNDA:11,mean10
FNDA:10,mean1012
FNDA:11,mean100
FNDA:10,q1
FNDA:10,median
FNDA:10,q3
FNDA:10,best
FNDA:10,worst
FNDA:10,iqr
FNDA:10,range
FNDA:10,calculate
DA:5,1
DA:10,76
DA:11,76
DA:33,76
DA:34,76
DA:35,76
DA:36,76
DA:37,76
DA:38,76
DA:39,76
DA:40,76
DA:41,76
DA:42,76
DA:43,76
DA:44,76
DA:45,76
DA:46,76
DA:47,76
DA:48,76
DA:49,76
DA:50,76
DA:51,76
DA:52,76
DA:53,76
DA:54,76
DA:55,76
DA:58,1
DA:59,0
DA:62,1
DA:63,0
DA:66,1
DA:67,0
DA:70,1
DA:71,4
DA:72,3
DA:73,3
DA:75,4
DA:78,1
DA:79,100
DA:80,100
DA:81,100
DA:83,100
DA:84,0
DA:85,0
DA:88,7
DA:90,7
DA:92,7
DA:93,7
DA:94,7
DA:95,0
DA:96,0
DA:97,0
DA:99,7
DA:105,1
DA:106,0
DA:108,76
DA:109,1
DA:110,0
DA:113,1
DA:116,11
DA:117,11
DA:120,0
DA:123,11
DA:127,1
DA:128,0
DA:129,0
DA:130,0
DA:133,1
DA:134,10
DA:135,10
DA:136,10
DA:137,0
DA:138,0
DA:139,0
DA:141,0
DA:142,0
DA:144,10
DA:149,1
DA:150,11
DA:151,0
DA:152,0
DA:153,0
DA:154,0
DA:155,0
DA:157,0
DA:159,11
DA:164,1
DA:165,11
DA:166,11
DA:167,0
DA:169,0
DA:171,11
DA:175,1
DA:176,11
DA:177,11
DA:178,0
DA:179,0
DA:180,0
DA:182,0
DA:184,11
DA:188,1
DA:189,11
DA:190,11
DA:191,0
DA:193,0
DA:195,11
DA:199,1
DA:200,10
DA:201,10
DA:202,0
DA:203,0
DA:204,0
DA:205,0
DA:206,0
DA:208,10
DA:212,1
DA:213,11
DA:214,11
DA:215,0
DA:217,0
DA:219,11
DA:223,1
DA:224,10
DA:225,10
DA:226,0
DA:227,0
DA:229,0
DA:230,0
DA:231,0
DA:232,0
DA:233,0
DA:234,0
DA:235,0
DA:238,10
DA:242,1
DA:243,10
DA:244,10
DA:245,0
DA:246,0
DA:247,0
DA:248,0
DA:250,0
DA:251,0
DA:252,0
DA:253,0
DA:256,10
DA:260,1
DA:261,10
DA:262,10
DA:263,0
DA:264,0
DA:265,0
DA:266,0
DA:267,0
DA:268,0
DA:269,0
DA:270,0
DA:271,0
DA:274,10
DA:278,1
DA:279,10
DA:280,10
DA:281,0
DA:282,0
DA:284,10
DA:288,1
DA:289,10
DA:290,10
DA:291,0
DA:292,0
DA:294,10
DA:298,1
DA:299,10
DA:300,10
DA:301,0
DA:303,10
DA:307,1
DA:308,10
DA:309,10
DA:310,0
DA:312,10
DA:317,1
DA:318,10
DA:319,10
DA:320,10
DA:321,10
DA:322,10
DA:323,10
DA:324,10
DA:325,10
DA:326,10
DA:327,10
DA:328,10
DA:329,10
DA:330,10
DA:331,10
DA:332,10
DA:335,76
LF:198
LH:126
BRDA:71,1,0,3
BRDA:71,1,1,1
BRDA:71,2,0,4
BRDA:71,2,1,3
BRDA:81,3,0,100
BRDA:81,3,1,0
BRDA:117,4,0,0
BRDA:117,4,1,11
BRDA:136,5,0,0
BRDA:136,5,1,10
BRDA:138,6,0,0
BRDA:138,6,1,0
BRDA:150,7,0,0
BRDA:150,7,1,11
BRDA:150,8,0,11
BRDA:150,8,1,0
BRDA:153,9,0,0
BRDA:153,9,1,0
BRDA:153,10,0,0
BRDA:153,10,1,0
BRDA:166,11,0,0
BRDA:166,11,1,11
BRDA:177,12,0,0
BRDA:177,12,1,11
BRDA:190,13,0,0
BRDA:190,13,1,11
BRDA:201,14,0,0
BRDA:201,14,1,10
BRDA:214,15,0,0
BRDA:214,15,1,11
BRDA:225,16,0,0
BRDA:225,16,1,10
BRDA:227,17,0,0
BRDA:227,17,1,0
BRDA:227,18,0,0
BRDA:227,18,1,0
BRDA:233,19,0,0
BRDA:233,19,1,0
BRDA:233,20,0,0
BRDA:233,20,1,0
BRDA:244,21,0,0
BRDA:244,21,1,10
BRDA:246,22,0,0
BRDA:246,22,1,0
BRDA:262,23,0,0
BRDA:262,23,1,10
BRDA:264,24,0,0
BRDA:264,24,1,0
BRDA:264,25,0,0
BRDA:264,25,1,0
BRDA:267,26,0,0
BRDA:267,26,1,0
BRDA:267,27,0,0
BRDA:267,27,1,0
BRDA:280,28,0,0
BRDA:280,28,1,10
BRDA:290,29,0,0
BRDA:290,29,1,10
BRDA:300,30,0,0
BRDA:300,30,1,10
BRDA:309,31,0,0
BRDA:309,31,1,10
BRF:62
BRH:21
end_of_record
TN:
SF:/Users/audrey/Personal/Programming/Workspace/LearnOLL/app/time/timeConversion.factory.js
FN:7,(anonymous_1)
FN:10,(anonymous_2)
FN:14,(anonymous_3)
FN:18,(anonymous_4)
FN:22,(anonymous_5)
FN:26,(anonymous_6)
FN:30,(anonymous_7)
FN:34,(anonymous_8)
FN:38,(anonymous_9)
FN:42,(anonymous_10)
FN:46,(anonymous_11)
FN:106,(anonymous_12)
FNF:12
FNH:12
FNDA:96,(anonymous_1)
FNDA:4,(anonymous_2)
FNDA:3,(anonymous_3)
FNDA:11,(anonymous_4)
FNDA:3,(anonymous_5)
FNDA:12,(anonymous_6)
FNDA:14,(anonymous_7)
FNDA:17,(anonymous_8)
FNDA:17,(anonymous_9)
FNDA:4,(anonymous_10)
FNDA:14,(anonymous_11)
FNDA:8,(anonymous_12)
DA:5,1
DA:8,96
DA:10,96
DA:11,4
DA:14,96
DA:15,3
DA:18,96
DA:19,11
DA:22,96
DA:23,3
DA:26,96
DA:27,12
DA:30,96
DA:31,14
DA:34,96
DA:35,17
DA:38,96
DA:39,17
DA:42,96
DA:43,4
DA:46,96
DA:48,14
DA:50,14
DA:51,14
DA:53,14
DA:55,14
DA:56,4
DA:59,4
DA:61,10
DA:63,14
DA:64,14
DA:69,14
DA:70,14
DA:71,4
DA:72,4
DA:74,14
DA:76,14
DA:77,4
DA:79,10
DA:81,14
DA:82,14
DA:84,14
DA:85,0
DA:86,0
DA:88,14
DA:91,14
DA:92,14
DA:101,14
DA:103,0
DA:106,96
DA:107,8
DA:108,8
DA:109,8
DA:111,8
DA:112,8
DA:113,8
DA:114,8
DA:117,96
LF:58
LH:55
BRDA:50,1,0,14
BRDA:50,1,1,0
BRDA:55,2,0,4
BRDA:55,2,1,10
BRDA:70,3,0,4
BRDA:70,3,1,10
BRDA:76,4,0,4
BRDA:76,4,1,10
BRDA:84,5,0,0
BRDA:84,5,1,14
BRDA:111,6,0,5
BRDA:111,6,1,3
BRDA:112,7,0,4
BRDA:112,7,1,4
BRDA:113,8,0,4
BRDA:113,8,1,4
BRDA:113,9,0,1
BRDA:113,9,1,3
BRF:18
BRH:16
end_of_record
TN:
SF:/Users/audrey/Personal/Programming/Workspace/LearnOLL/app/time/timeStats.directive.js
FN:6,(anonymous_1)
FNF:1
FNH:0
FNDA:0,(anonymous_1)
DA:5,1
DA:7,0
LF:2
LH:1
BRF:0
BRH:0
end_of_record
TN:
SF:/Users/audrey/Personal/Programming/Workspace/LearnOLL/app/time/timesStatistics.filter.js
FN:7,(anonymous_1)
FN:8,(anonymous_2)
FNF:2
FNH:2
FNDA:4,(anonymous_1)
FNDA:8,(anonymous_2)
DA:5,1
DA:8,4
DA:9,8
DA:11,4
DA:12,4
DA:13,1
DA:15,3
DA:17,4
DA:18,2
DA:20,2
LF:10
LH:10
BRDA:9,1,0,4
BRDA:9,1,1,4
BRDA:9,2,0,8
BRDA:9,2,1,6
BRDA:12,3,0,1
BRDA:12,3,1,3
BRDA:17,4,0,2
BRDA:17,4,1,2
BRF:8
BRH:8
end_of_record
TN:
SF:/Users/audrey/Personal/Programming/Workspace/LearnOLL/app/timer/timer-records.factory.js
FN:7,(anonymous_1)
FN:12,getDayOnly
FN:36,findSame
FN:40,(anonymous_4)
FN:73,(anonymous_5)
FN:82,(anonymous_6)
FNF:6
FNH:0
FNDA:0,(anonymous_1)
FNDA:0,getDayOnly
FNDA:0,findSame
FNDA:0,(anonymous_4)
FNDA:0,(anonymous_5)
FNDA:0,(anonymous_6)
DA:5,1
DA:8,0
DA:9,0
DA:10,0
DA:12,1
DA:13,0
DA:14,0
DA:15,0
DA:16,0
DA:17,0
DA:31,0
DA:33,0
DA:36,1
DA:37,0
DA:40,0
DA:41,0
DA:43,0
DA:44,0
DA:45,0
DA:48,0
DA:49,0
DA:50,0
DA:51,0
DA:52,0
DA:54,0
DA:55,0
DA:56,0
DA:58,0
DA:61,0
DA:63,0
DA:64,0
DA:65,0
DA:66,0
DA:68,0
DA:73,0
DA:74,0
DA:75,0
DA:76,0
DA:77,0
DA:78,0
DA:82,0
DA:83,0
DA:84,0
LF:43
LH:3
BRDA:13,1,0,0
BRDA:13,1,1,0
BRDA:54,2,0,0
BRDA:54,2,1,0
BRDA:63,3,0,0
BRDA:63,3,1,0
BRF:6
BRH:0
end_of_record
TN:
SF:/Users/audrey/Personal/Programming/Workspace/LearnOLL/app/timer/timer.module.js
FN:11,TimerController
FN:82,deleteAll
FN:92,deleteRecord
FN:102,delta
FN:113,downloadClicked
FN:117,getCookies
FN:146,isEncoded
FN:150,render
FN:161,reset
FN:167,returnNames
FN:175,(anonymous_11)
FN:180,convertDate
FN:200,returnObjects
FN:209,save
FN:263,saveRecords
FN:270,start
FN:280,stop
FN:296,saveTimeObject
FN:306,update
FNF:19
FNH:5
FNDA:7,TimerController
FNDA:0,deleteAll
FNDA:2,deleteRecord
FNDA:0,delta
FNDA:0,downloadClicked
FNDA:7,getCookies
FNDA:0,isEncoded
FNDA:10,render
FNDA:7,reset
FNDA:0,returnNames
FNDA:0,(anonymous_11)
FNDA:0,convertDate
FNDA:0,returnObjects
FNDA:0,save
FNDA:0,saveRecords
FNDA:0,start
FNDA:0,stop
FNDA:0,saveTimeObject
FNDA:0,update
DA:5,1
DA:9,1
DA:11,1
DA:12,7
DA:13,7
DA:14,7
DA:15,7
DA:16,7
DA:17,7
DA:18,7
DA:19,7
DA:20,7
DA:21,7
DA:22,7
DA:23,7
DA:24,7
DA:25,7
DA:26,7
DA:27,7
DA:28,7
DA:37,7
DA:53,7
DA:54,7
DA:55,7
DA:56,7
DA:57,7
DA:58,7
DA:59,7
DA:60,7
DA:61,7
DA:62,7
DA:65,7
DA:66,7
DA:67,7
DA:72,7
DA:74,7
DA:76,7
DA:82,1
DA:83,0
DA:85,0
DA:86,0
DA:87,0
DA:88,0
DA:92,1
DA:93,2
DA:94,0
DA:95,0
DA:97,0
DA:99,0
DA:102,1
DA:103,0
DA:106,0
DA:107,0
DA:108,0
DA:110,0
DA:113,1
DA:114,0
DA:117,1
DA:118,7
DA:120,7
DA:122,28
DA:125,7
DA:128,5
DA:130,0
DA:131,0
DA:132,0
DA:133,0
DA:138,2
DA:139,2
DA:140,2
DA:141,8
DA:146,1
DA:147,0
DA:150,1
DA:151,10
DA:152,9
DA:153,9
DA:154,9
DA:155,9
DA:157,1
DA:161,1
DA:162,7
DA:163,7
DA:164,7
DA:167,1
DA:168,0
DA:169,0
DA:171,0
DA:175,7
DA:176,0
DA:177,0
DA:180,1
DA:182,0
DA:183,0
DA:185,0
DA:187,0
DA:189,0
DA:191,0
DA:192,0
DA:193,0
DA:195,0
DA:196,0
DA:197,0
DA:200,1
DA:201,0
DA:202,0
DA:203,0
DA:205,0
DA:206,0
DA:209,1
DA:210,0
DA:233,0
DA:234,0
DA:236,0
DA:237,0
DA:238,0
DA:239,0
DA:240,0
DA:242,0
DA:245,0
DA:247,0
DA:248,0
DA:250,0
DA:253,0
DA:254,0
DA:255,0
DA:256,0
DA:257,0
DA:258,0
DA:259,0
DA:260,0
DA:263,1
DA:264,0
DA:265,0
DA:267,0
DA:270,1
DA:271,0
DA:273,0
DA:274,0
DA:275,0
DA:276,0
DA:277,0
DA:280,1
DA:281,0
DA:282,0
DA:283,0
DA:284,0
DA:285,0
DA:286,0
DA:287,0
DA:288,0
DA:290,0
DA:291,0
DA:292,0
DA:293,0
DA:296,1
DA:297,0
DA:298,0
DA:299,0
DA:300,0
DA:306,1
DA:307,0
DA:308,0
LF:163
LH:74
BRDA:85,1,0,0
BRDA:85,1,1,0
BRDA:93,2,0,0
BRDA:93,2,1,0
BRDA:93,3,0,2
BRDA:93,3,1,0
BRDA:107,4,0,0
BRDA:107,4,1,0
BRDA:128,5,0,0
BRDA:128,5,1,5
BRDA:151,6,0,9
BRDA:151,6,1,1
BRDA:151,7,0,10
BRDA:151,7,1,9
BRDA:152,8,0,7
BRDA:152,8,1,2
BRDA:152,9,0,1
BRDA:152,9,1,1
BRDA:153,10,0,7
BRDA:153,10,1,2
BRDA:153,11,0,0
BRDA:153,11,1,2
BRDA:154,12,0,8
BRDA:154,12,1,1
BRDA:154,13,0,0
BRDA:154,13,1,1
BRDA:168,14,0,0
BRDA:168,14,1,0
BRDA:201,15,0,0
BRDA:201,15,1,0
BRDA:239,16,0,0
BRDA:239,16,1,0
BRF:32
BRH:16
end_of_record
